{"/home/oskarruo/ohtu/klusteri-website/frontend/src/pages/christina_regina.jsx": {"path":"/home/oskarruo/ohtu/klusteri-website/frontend/src/pages/christina_regina.jsx","statementMap":{"0":{"start":{"line":5,"column":24},"end":{"line":39,"column":1}},"1":{"start":{"line":6,"column":2},"end":{"line":38,"column":4}}},"fnMap":{"0":{"name":"(anonymous_0)","decl":{"start":{"line":5,"column":24},"end":{"line":5,"column":25}},"loc":{"start":{"line":5,"column":30},"end":{"line":39,"column":1}},"line":5}},"branchMap":{},"s":{"0":1,"1":1},"f":{"0":1},"b":{},"_coverageSchema":"1a1c01bbd47fc00a2c39e90264f33305004495a9","hash":"c4f05d39fad989b943d50aa572972931261d6734"}
,"/home/oskarruo/ohtu/klusteri-website/frontend/src/pages/contacts.jsx": {"path":"/home/oskarruo/ohtu/klusteri-website/frontend/src/pages/contacts.jsx","statementMap":{"0":{"start":{"line":4,"column":17},"end":{"line":32,"column":1}},"1":{"start":{"line":5,"column":30},"end":{"line":8,"column":3}},"2":{"start":{"line":6,"column":32},"end":{"line":6,"column":50}},"3":{"start":{"line":7,"column":4},"end":{"line":7,"column":46}},"4":{"start":{"line":9,"column":2},"end":{"line":31,"column":4}}},"fnMap":{"0":{"name":"(anonymous_0)","decl":{"start":{"line":4,"column":17},"end":{"line":4,"column":18}},"loc":{"start":{"line":4,"column":23},"end":{"line":32,"column":1}},"line":4},"1":{"name":"(anonymous_1)","decl":{"start":{"line":5,"column":30},"end":{"line":5,"column":31}},"loc":{"start":{"line":5,"column":36},"end":{"line":8,"column":3}},"line":5}},"branchMap":{},"s":{"0":1,"1":2,"2":1,"3":1,"4":2},"f":{"0":2,"1":1},"b":{},"_coverageSchema":"1a1c01bbd47fc00a2c39e90264f33305004495a9","hash":"e04b310a896d640f696d1cae528d8883a40735e5"}
,"/home/oskarruo/ohtu/klusteri-website/frontend/src/pages/createpage.jsx": {"path":"/home/oskarruo/ohtu/klusteri-website/frontend/src/pages/createpage.jsx","statementMap":{"0":{"start":{"line":8,"column":23},"end":{"line":88,"column":1}},"1":{"start":{"line":9,"column":34},"end":{"line":9,"column":46}},"2":{"start":{"line":10,"column":34},"end":{"line":10,"column":46}},"3":{"start":{"line":11,"column":28},"end":{"line":11,"column":40}},"4":{"start":{"line":12,"column":34},"end":{"line":12,"column":46}},"5":{"start":{"line":13,"column":48},"end":{"line":13,"column":60}},"6":{"start":{"line":14,"column":44},"end":{"line":14,"column":59}},"7":{"start":{"line":15,"column":44},"end":{"line":15,"column":59}},"8":{"start":{"line":16,"column":28},"end":{"line":16,"column":40}},"9":{"start":{"line":17,"column":40},"end":{"line":17,"column":55}},"10":{"start":{"line":19,"column":18},"end":{"line":19,"column":37}},"11":{"start":{"line":21,"column":30},"end":{"line":50,"column":3}},"12":{"start":{"line":22,"column":21},"end":{"line":29,"column":6}},"13":{"start":{"line":30,"column":4},"end":{"line":49,"column":5}},"14":{"start":{"line":31,"column":6},"end":{"line":31,"column":25}},"15":{"start":{"line":32,"column":11},"end":{"line":49,"column":5}},"16":{"start":{"line":33,"column":19},"end":{"line":42,"column":8}},"17":{"start":{"line":43,"column":6},"end":{"line":43,"column":24}},"18":{"start":{"line":44,"column":6},"end":{"line":46,"column":7}},"19":{"start":{"line":45,"column":8},"end":{"line":45,"column":23}},"20":{"start":{"line":48,"column":6},"end":{"line":48,"column":45}},"21":{"start":{"line":52,"column":28},"end":{"line":54,"column":3}},"22":{"start":{"line":53,"column":4},"end":{"line":53,"column":27}},"23":{"start":{"line":56,"column":30},"end":{"line":58,"column":3}},"24":{"start":{"line":57,"column":4},"end":{"line":57,"column":48}},"25":{"start":{"line":57,"column":36},"end":{"line":57,"column":46}},"26":{"start":{"line":60,"column":2},"end":{"line":87,"column":4}}},"fnMap":{"0":{"name":"(anonymous_0)","decl":{"start":{"line":8,"column":23},"end":{"line":8,"column":24}},"loc":{"start":{"line":8,"column":49},"end":{"line":88,"column":1}},"line":8},"1":{"name":"(anonymous_1)","decl":{"start":{"line":21,"column":30},"end":{"line":21,"column":31}},"loc":{"start":{"line":21,"column":42},"end":{"line":50,"column":3}},"line":21},"2":{"name":"(anonymous_2)","decl":{"start":{"line":52,"column":28},"end":{"line":52,"column":29}},"loc":{"start":{"line":52,"column":34},"end":{"line":54,"column":3}},"line":52},"3":{"name":"(anonymous_3)","decl":{"start":{"line":56,"column":30},"end":{"line":56,"column":31}},"loc":{"start":{"line":56,"column":36},"end":{"line":58,"column":3}},"line":56},"4":{"name":"(anonymous_4)","decl":{"start":{"line":57,"column":21},"end":{"line":57,"column":22}},"loc":{"start":{"line":57,"column":36},"end":{"line":57,"column":46}},"line":57}},"branchMap":{"0":{"loc":{"start":{"line":30,"column":4},"end":{"line":49,"column":5}},"type":"if","locations":[{"start":{"line":30,"column":4},"end":{"line":49,"column":5}},{"start":{"line":32,"column":11},"end":{"line":49,"column":5}}],"line":30},"1":{"loc":{"start":{"line":32,"column":11},"end":{"line":49,"column":5}},"type":"if","locations":[{"start":{"line":32,"column":11},"end":{"line":49,"column":5}},{"start":{"line":47,"column":11},"end":{"line":49,"column":5}}],"line":32},"2":{"loc":{"start":{"line":44,"column":6},"end":{"line":46,"column":7}},"type":"if","locations":[{"start":{"line":44,"column":6},"end":{"line":46,"column":7}},{"start":{},"end":{}}],"line":44},"3":{"loc":{"start":{"line":62,"column":7},"end":{"line":82,"column":7}},"type":"cond-expr","locations":[{"start":{"line":63,"column":8},"end":{"line":63,"column":21}},{"start":{"line":65,"column":8},"end":{"line":81,"column":10}}],"line":62},"4":{"loc":{"start":{"line":83,"column":7},"end":{"line":85,"column":7}},"type":"binary-expr","locations":[{"start":{"line":83,"column":7},"end":{"line":83,"column":18}},{"start":{"line":84,"column":8},"end":{"line":84,"column":71}}],"line":83}},"s":{"0":2,"1":39,"2":39,"3":39,"4":39,"5":39,"6":39,"7":39,"8":39,"9":39,"10":39,"11":39,"12":7,"13":7,"14":7,"15":0,"16":0,"17":0,"18":0,"19":0,"20":0,"21":39,"22":0,"23":39,"24":0,"25":0,"26":39},"f":{"0":39,"1":7,"2":0,"3":0,"4":0},"b":{"0":[7,0],"1":[0,0],"2":[0,0],"3":[0,39],"4":[39,0]},"_coverageSchema":"1a1c01bbd47fc00a2c39e90264f33305004495a9","hash":"6859b198d41629b473aeba3569b64f02ee459568"}
,"/home/oskarruo/ohtu/klusteri-website/frontend/src/pages/frontpage.jsx": {"path":"/home/oskarruo/ohtu/klusteri-website/frontend/src/pages/frontpage.jsx","statementMap":{"0":{"start":{"line":4,"column":18},"end":{"line":24,"column":1}},"1":{"start":{"line":5,"column":2},"end":{"line":23,"column":4}}},"fnMap":{"0":{"name":"(anonymous_0)","decl":{"start":{"line":4,"column":18},"end":{"line":4,"column":19}},"loc":{"start":{"line":4,"column":24},"end":{"line":24,"column":1}},"line":4}},"branchMap":{},"s":{"0":1,"1":1},"f":{"0":1},"b":{},"_coverageSchema":"1a1c01bbd47fc00a2c39e90264f33305004495a9","hash":"26b30673e3c76a0f072fa54178886434d123e53a"}
,"/home/oskarruo/ohtu/klusteri-website/frontend/src/pages/loginpage.jsx": {"path":"/home/oskarruo/ohtu/klusteri-website/frontend/src/pages/loginpage.jsx","statementMap":{"0":{"start":{"line":9,"column":18},"end":{"line":77,"column":1}},"1":{"start":{"line":10,"column":28},"end":{"line":10,"column":40}},"2":{"start":{"line":11,"column":34},"end":{"line":11,"column":46}},"3":{"start":{"line":12,"column":46},"end":{"line":12,"column":61}},"4":{"start":{"line":13,"column":48},"end":{"line":13,"column":65}},"5":{"start":{"line":14,"column":28},"end":{"line":14,"column":40}},"6":{"start":{"line":17,"column":2},"end":{"line":22,"column":16}},"7":{"start":{"line":18,"column":23},"end":{"line":18,"column":57}},"8":{"start":{"line":19,"column":4},"end":{"line":21,"column":5}},"9":{"start":{"line":20,"column":6},"end":{"line":20,"column":38}},"10":{"start":{"line":25,"column":27},"end":{"line":28,"column":3}},"11":{"start":{"line":26,"column":4},"end":{"line":26,"column":28}},"12":{"start":{"line":27,"column":4},"end":{"line":27,"column":22}},"13":{"start":{"line":31,"column":22},"end":{"line":34,"column":3}},"14":{"start":{"line":32,"column":4},"end":{"line":32,"column":27}},"15":{"start":{"line":33,"column":4},"end":{"line":33,"column":69}},"16":{"start":{"line":37,"column":23},"end":{"line":43,"column":3}},"17":{"start":{"line":38,"column":4},"end":{"line":38,"column":42}},"18":{"start":{"line":39,"column":4},"end":{"line":39,"column":42}},"19":{"start":{"line":40,"column":4},"end":{"line":40,"column":45}},"20":{"start":{"line":41,"column":4},"end":{"line":41,"column":18}},"21":{"start":{"line":42,"column":4},"end":{"line":42,"column":15}},"22":{"start":{"line":49,"column":2},"end":{"line":76,"column":4}}},"fnMap":{"0":{"name":"(anonymous_0)","decl":{"start":{"line":9,"column":18},"end":{"line":9,"column":19}},"loc":{"start":{"line":9,"column":62},"end":{"line":77,"column":1}},"line":9},"1":{"name":"(anonymous_1)","decl":{"start":{"line":17,"column":12},"end":{"line":17,"column":13}},"loc":{"start":{"line":17,"column":18},"end":{"line":22,"column":3}},"line":17},"2":{"name":"(anonymous_2)","decl":{"start":{"line":25,"column":27},"end":{"line":25,"column":28}},"loc":{"start":{"line":25,"column":33},"end":{"line":28,"column":3}},"line":25},"3":{"name":"(anonymous_3)","decl":{"start":{"line":31,"column":22},"end":{"line":31,"column":23}},"loc":{"start":{"line":31,"column":33},"end":{"line":34,"column":3}},"line":31},"4":{"name":"(anonymous_4)","decl":{"start":{"line":37,"column":23},"end":{"line":37,"column":24}},"loc":{"start":{"line":37,"column":29},"end":{"line":43,"column":3}},"line":37}},"branchMap":{"0":{"loc":{"start":{"line":19,"column":4},"end":{"line":21,"column":5}},"type":"if","locations":[{"start":{"line":19,"column":4},"end":{"line":21,"column":5}},{"start":{},"end":{}}],"line":19},"1":{"loc":{"start":{"line":51,"column":7},"end":{"line":74,"column":7}},"type":"cond-expr","locations":[{"start":{"line":52,"column":8},"end":{"line":52,"column":26}},{"start":{"line":53,"column":10},"end":{"line":74,"column":7}}],"line":51},"2":{"loc":{"start":{"line":53,"column":10},"end":{"line":74,"column":7}},"type":"cond-expr","locations":[{"start":{"line":54,"column":8},"end":{"line":63,"column":11}},{"start":{"line":65,"column":8},"end":{"line":73,"column":10}}],"line":53}},"s":{"0":2,"1":8,"2":8,"3":8,"4":8,"5":8,"6":8,"7":3,"8":3,"9":0,"10":8,"11":0,"12":0,"13":8,"14":2,"15":2,"16":8,"17":0,"18":0,"19":0,"20":0,"21":0,"22":8},"f":{"0":8,"1":3,"2":0,"3":2,"4":0},"b":{"0":[0,3],"1":[0,8],"2":[0,8]},"_coverageSchema":"1a1c01bbd47fc00a2c39e90264f33305004495a9","hash":"3084ecb9af836cf2a5bf59583382ee72ecd27011"}
,"/home/oskarruo/ohtu/klusteri-website/frontend/src/pages/ownkeys.jsx": {"path":"/home/oskarruo/ohtu/klusteri-website/frontend/src/pages/ownkeys.jsx","statementMap":{"0":{"start":{"line":14,"column":16},"end":{"line":285,"column":1}},"1":{"start":{"line":15,"column":38},"end":{"line":15,"column":62}},"2":{"start":{"line":16,"column":46},"end":{"line":16,"column":58}},"3":{"start":{"line":17,"column":28},"end":{"line":17,"column":40}},"4":{"start":{"line":18,"column":38},"end":{"line":18,"column":52}},"5":{"start":{"line":19,"column":56},"end":{"line":19,"column":68}},"6":{"start":{"line":20,"column":56},"end":{"line":20,"column":68}},"7":{"start":{"line":21,"column":60},"end":{"line":21,"column":72}},"8":{"start":{"line":22,"column":50},"end":{"line":22,"column":62}},"9":{"start":{"line":24,"column":38},"end":{"line":24,"column":50}},"10":{"start":{"line":26,"column":28},"end":{"line":26,"column":40}},"11":{"start":{"line":27,"column":32},"end":{"line":27,"column":44}},"12":{"start":{"line":29,"column":40},"end":{"line":29,"column":55}},"13":{"start":{"line":30,"column":38},"end":{"line":30,"column":50}},"14":{"start":{"line":32,"column":48},"end":{"line":32,"column":63}},"15":{"start":{"line":33,"column":38},"end":{"line":33,"column":50}},"16":{"start":{"line":35,"column":46},"end":{"line":35,"column":58}},"17":{"start":{"line":36,"column":44},"end":{"line":36,"column":59}},"18":{"start":{"line":38,"column":18},"end":{"line":38,"column":37}},"19":{"start":{"line":41,"column":2},"end":{"line":49,"column":23}},"20":{"start":{"line":42,"column":4},"end":{"line":42,"column":34}},"21":{"start":{"line":43,"column":4},"end":{"line":48,"column":5}},"22":{"start":{"line":44,"column":25},"end":{"line":44,"column":71}},"23":{"start":{"line":45,"column":6},"end":{"line":45,"column":33}},"24":{"start":{"line":46,"column":6},"end":{"line":46,"column":32}},"25":{"start":{"line":47,"column":6},"end":{"line":47,"column":51}},"26":{"start":{"line":51,"column":2},"end":{"line":57,"column":35}},"27":{"start":{"line":52,"column":4},"end":{"line":56,"column":5}},"28":{"start":{"line":53,"column":6},"end":{"line":53,"column":26}},"29":{"start":{"line":54,"column":6},"end":{"line":54,"column":34}},"30":{"start":{"line":55,"column":6},"end":{"line":55,"column":51}},"31":{"start":{"line":60,"column":2},"end":{"line":75,"column":19}},"32":{"start":{"line":61,"column":22},"end":{"line":72,"column":5}},"33":{"start":{"line":62,"column":6},"end":{"line":71,"column":7}},"34":{"start":{"line":63,"column":8},"end":{"line":63,"column":42}},"35":{"start":{"line":64,"column":8},"end":{"line":70,"column":11}},"36":{"start":{"line":74,"column":4},"end":{"line":74,"column":16}},"37":{"start":{"line":80,"column":31},"end":{"line":88,"column":3}},"38":{"start":{"line":81,"column":4},"end":{"line":87,"column":7}},"39":{"start":{"line":82,"column":6},"end":{"line":86,"column":7}},"40":{"start":{"line":83,"column":8},"end":{"line":83,"column":51}},"41":{"start":{"line":83,"column":39},"end":{"line":83,"column":49}},"42":{"start":{"line":85,"column":8},"end":{"line":85,"column":36}},"43":{"start":{"line":91,"column":29},"end":{"line":93,"column":3}},"44":{"start":{"line":92,"column":4},"end":{"line":92,"column":38}},"45":{"start":{"line":96,"column":25},"end":{"line":149,"column":3}},"46":{"start":{"line":97,"column":4},"end":{"line":97,"column":27}},"47":{"start":{"line":99,"column":23},"end":{"line":99,"column":69}},"48":{"start":{"line":100,"column":21},"end":{"line":100,"column":40}},"49":{"start":{"line":101,"column":18},"end":{"line":101,"column":34}},"50":{"start":{"line":102,"column":22},"end":{"line":102,"column":42}},"51":{"start":{"line":104,"column":33},"end":{"line":109,"column":5}},"52":{"start":{"line":111,"column":4},"end":{"line":111,"column":37}},"53":{"start":{"line":113,"column":4},"end":{"line":122,"column":7}},"54":{"start":{"line":114,"column":35},"end":{"line":120,"column":7}},"55":{"start":{"line":121,"column":6},"end":{"line":121,"column":39}},"56":{"start":{"line":125,"column":22},"end":{"line":127,"column":7}},"57":{"start":{"line":129,"column":6},"end":{"line":146,"column":7}},"58":{"start":{"line":130,"column":8},"end":{"line":143,"column":13}},"59":{"start":{"line":133,"column":12},"end":{"line":133,"column":37}},"60":{"start":{"line":134,"column":12},"end":{"line":134,"column":53}},"61":{"start":{"line":135,"column":12},"end":{"line":135,"column":51}},"62":{"start":{"line":135,"column":29},"end":{"line":135,"column":43}},"63":{"start":{"line":136,"column":12},"end":{"line":136,"column":32}},"64":{"start":{"line":137,"column":12},"end":{"line":137,"column":40}},"65":{"start":{"line":140,"column":12},"end":{"line":140,"column":54}},"66":{"start":{"line":141,"column":12},"end":{"line":141,"column":49}},"67":{"start":{"line":141,"column":29},"end":{"line":141,"column":41}},"68":{"start":{"line":142,"column":12},"end":{"line":142,"column":57}},"69":{"start":{"line":145,"column":8},"end":{"line":145,"column":35}},"70":{"start":{"line":148,"column":4},"end":{"line":148,"column":26}},"71":{"start":{"line":153,"column":4},"end":{"line":155,"column":5}},"72":{"start":{"line":154,"column":6},"end":{"line":154,"column":19}},"73":{"start":{"line":156,"column":4},"end":{"line":156,"column":69}},"74":{"start":{"line":156,"column":46},"end":{"line":156,"column":67}},"75":{"start":{"line":162,"column":28},"end":{"line":175,"column":3}},"76":{"start":{"line":163,"column":4},"end":{"line":174,"column":9}},"77":{"start":{"line":166,"column":8},"end":{"line":166,"column":46}},"78":{"start":{"line":167,"column":41},"end":{"line":169,"column":9}},"79":{"start":{"line":168,"column":20},"end":{"line":168,"column":40}},"80":{"start":{"line":170,"column":8},"end":{"line":170,"column":57}},"81":{"start":{"line":173,"column":8},"end":{"line":173,"column":64}},"82":{"start":{"line":177,"column":36},"end":{"line":187,"column":8}},"83":{"start":{"line":178,"column":4},"end":{"line":187,"column":8}},"84":{"start":{"line":181,"column":8},"end":{"line":181,"column":46}},"85":{"start":{"line":182,"column":23},"end":{"line":182,"column":76}},"86":{"start":{"line":182,"column":54},"end":{"line":182,"column":75}},"87":{"start":{"line":183,"column":8},"end":{"line":183,"column":41}},"88":{"start":{"line":186,"column":8},"end":{"line":186,"column":64}},"89":{"start":{"line":192,"column":26},"end":{"line":219,"column":3}},"90":{"start":{"line":193,"column":4},"end":{"line":193,"column":25}},"91":{"start":{"line":195,"column":4},"end":{"line":218,"column":6}},"92":{"start":{"line":196,"column":6},"end":{"line":217,"column":10}},"93":{"start":{"line":201,"column":10},"end":{"line":201,"column":49}},"94":{"start":{"line":202,"column":10},"end":{"line":202,"column":49}},"95":{"start":{"line":202,"column":27},"end":{"line":202,"column":41}},"96":{"start":{"line":203,"column":10},"end":{"line":203,"column":30}},"97":{"start":{"line":204,"column":10},"end":{"line":204,"column":38}},"98":{"start":{"line":205,"column":10},"end":{"line":211,"column":13}},"99":{"start":{"line":214,"column":10},"end":{"line":214,"column":50}},"100":{"start":{"line":215,"column":10},"end":{"line":215,"column":47}},"101":{"start":{"line":215,"column":27},"end":{"line":215,"column":39}},"102":{"start":{"line":216,"column":10},"end":{"line":216,"column":62}},"103":{"start":{"line":223,"column":24},"end":{"line":239,"column":3}},"104":{"start":{"line":224,"column":4},"end":{"line":224,"column":42}},"105":{"start":{"line":226,"column":4},"end":{"line":238,"column":9}},"106":{"start":{"line":229,"column":8},"end":{"line":229,"column":44}},"107":{"start":{"line":230,"column":8},"end":{"line":230,"column":47}},"108":{"start":{"line":230,"column":25},"end":{"line":230,"column":39}},"109":{"start":{"line":231,"column":8},"end":{"line":231,"column":28}},"110":{"start":{"line":232,"column":8},"end":{"line":232,"column":36}},"111":{"start":{"line":235,"column":8},"end":{"line":235,"column":45}},"112":{"start":{"line":236,"column":8},"end":{"line":236,"column":45}},"113":{"start":{"line":236,"column":25},"end":{"line":236,"column":37}},"114":{"start":{"line":237,"column":8},"end":{"line":237,"column":57}},"115":{"start":{"line":241,"column":2},"end":{"line":284,"column":4}}},"fnMap":{"0":{"name":"(anonymous_0)","decl":{"start":{"line":14,"column":16},"end":{"line":14,"column":17}},"loc":{"start":{"line":14,"column":70},"end":{"line":285,"column":1}},"line":14},"1":{"name":"(anonymous_1)","decl":{"start":{"line":41,"column":12},"end":{"line":41,"column":13}},"loc":{"start":{"line":41,"column":18},"end":{"line":49,"column":3}},"line":41},"2":{"name":"(anonymous_2)","decl":{"start":{"line":51,"column":12},"end":{"line":51,"column":13}},"loc":{"start":{"line":51,"column":18},"end":{"line":57,"column":3}},"line":51},"3":{"name":"(anonymous_3)","decl":{"start":{"line":60,"column":12},"end":{"line":60,"column":13}},"loc":{"start":{"line":60,"column":18},"end":{"line":75,"column":3}},"line":60},"4":{"name":"(anonymous_4)","decl":{"start":{"line":61,"column":22},"end":{"line":61,"column":23}},"loc":{"start":{"line":61,"column":34},"end":{"line":72,"column":5}},"line":61},"5":{"name":"(anonymous_5)","decl":{"start":{"line":80,"column":31},"end":{"line":80,"column":32}},"loc":{"start":{"line":80,"column":41},"end":{"line":88,"column":3}},"line":80},"6":{"name":"(anonymous_6)","decl":{"start":{"line":81,"column":22},"end":{"line":81,"column":23}},"loc":{"start":{"line":81,"column":37},"end":{"line":87,"column":5}},"line":81},"7":{"name":"(anonymous_7)","decl":{"start":{"line":83,"column":32},"end":{"line":83,"column":33}},"loc":{"start":{"line":83,"column":39},"end":{"line":83,"column":49}},"line":83},"8":{"name":"(anonymous_8)","decl":{"start":{"line":91,"column":29},"end":{"line":91,"column":30}},"loc":{"start":{"line":91,"column":40},"end":{"line":93,"column":3}},"line":91},"9":{"name":"(anonymous_9)","decl":{"start":{"line":96,"column":25},"end":{"line":96,"column":26}},"loc":{"start":{"line":96,"column":36},"end":{"line":149,"column":3}},"line":96},"10":{"name":"(anonymous_10)","decl":{"start":{"line":113,"column":23},"end":{"line":113,"column":24}},"loc":{"start":{"line":113,"column":33},"end":{"line":122,"column":5}},"line":113},"11":{"name":"confirmYKV","decl":{"start":{"line":124,"column":13},"end":{"line":124,"column":23}},"loc":{"start":{"line":124,"column":46},"end":{"line":147,"column":5}},"line":124},"12":{"name":"(anonymous_12)","decl":{"start":{"line":132,"column":16},"end":{"line":132,"column":17}},"loc":{"start":{"line":132,"column":30},"end":{"line":138,"column":11}},"line":132},"13":{"name":"(anonymous_13)","decl":{"start":{"line":135,"column":23},"end":{"line":135,"column":24}},"loc":{"start":{"line":135,"column":29},"end":{"line":135,"column":43}},"line":135},"14":{"name":"(anonymous_14)","decl":{"start":{"line":139,"column":17},"end":{"line":139,"column":18}},"loc":{"start":{"line":139,"column":28},"end":{"line":143,"column":11}},"line":139},"15":{"name":"(anonymous_15)","decl":{"start":{"line":141,"column":23},"end":{"line":141,"column":24}},"loc":{"start":{"line":141,"column":29},"end":{"line":141,"column":41}},"line":141},"16":{"name":"checkIfLoggedIn","decl":{"start":{"line":152,"column":11},"end":{"line":152,"column":26}},"loc":{"start":{"line":152,"column":29},"end":{"line":157,"column":3}},"line":152},"17":{"name":"(anonymous_17)","decl":{"start":{"line":156,"column":36},"end":{"line":156,"column":37}},"loc":{"start":{"line":156,"column":46},"end":{"line":156,"column":67}},"line":156},"18":{"name":"(anonymous_18)","decl":{"start":{"line":162,"column":28},"end":{"line":162,"column":29}},"loc":{"start":{"line":162,"column":34},"end":{"line":175,"column":3}},"line":162},"19":{"name":"(anonymous_19)","decl":{"start":{"line":165,"column":12},"end":{"line":165,"column":13}},"loc":{"start":{"line":165,"column":26},"end":{"line":171,"column":7}},"line":165},"20":{"name":"(anonymous_20)","decl":{"start":{"line":168,"column":10},"end":{"line":168,"column":11}},"loc":{"start":{"line":168,"column":20},"end":{"line":168,"column":40}},"line":168},"21":{"name":"(anonymous_21)","decl":{"start":{"line":172,"column":13},"end":{"line":172,"column":14}},"loc":{"start":{"line":172,"column":24},"end":{"line":174,"column":7}},"line":172},"22":{"name":"(anonymous_22)","decl":{"start":{"line":177,"column":36},"end":{"line":177,"column":37}},"loc":{"start":{"line":178,"column":4},"end":{"line":187,"column":8}},"line":178},"23":{"name":"(anonymous_23)","decl":{"start":{"line":180,"column":12},"end":{"line":180,"column":13}},"loc":{"start":{"line":180,"column":26},"end":{"line":184,"column":7}},"line":180},"24":{"name":"(anonymous_24)","decl":{"start":{"line":182,"column":44},"end":{"line":182,"column":45}},"loc":{"start":{"line":182,"column":54},"end":{"line":182,"column":75}},"line":182},"25":{"name":"(anonymous_25)","decl":{"start":{"line":185,"column":13},"end":{"line":185,"column":14}},"loc":{"start":{"line":185,"column":24},"end":{"line":187,"column":7}},"line":185},"26":{"name":"(anonymous_26)","decl":{"start":{"line":192,"column":26},"end":{"line":192,"column":27}},"loc":{"start":{"line":192,"column":43},"end":{"line":219,"column":3}},"line":192},"27":{"name":"(anonymous_27)","decl":{"start":{"line":195,"column":24},"end":{"line":195,"column":25}},"loc":{"start":{"line":196,"column":6},"end":{"line":217,"column":10}},"line":196},"28":{"name":"(anonymous_28)","decl":{"start":{"line":200,"column":14},"end":{"line":200,"column":15}},"loc":{"start":{"line":200,"column":28},"end":{"line":212,"column":9}},"line":200},"29":{"name":"(anonymous_29)","decl":{"start":{"line":202,"column":21},"end":{"line":202,"column":22}},"loc":{"start":{"line":202,"column":27},"end":{"line":202,"column":41}},"line":202},"30":{"name":"(anonymous_30)","decl":{"start":{"line":213,"column":15},"end":{"line":213,"column":16}},"loc":{"start":{"line":213,"column":26},"end":{"line":217,"column":9}},"line":213},"31":{"name":"(anonymous_31)","decl":{"start":{"line":215,"column":21},"end":{"line":215,"column":22}},"loc":{"start":{"line":215,"column":27},"end":{"line":215,"column":39}},"line":215},"32":{"name":"(anonymous_32)","decl":{"start":{"line":223,"column":24},"end":{"line":223,"column":25}},"loc":{"start":{"line":223,"column":48},"end":{"line":239,"column":3}},"line":223},"33":{"name":"(anonymous_33)","decl":{"start":{"line":228,"column":12},"end":{"line":228,"column":13}},"loc":{"start":{"line":228,"column":26},"end":{"line":233,"column":7}},"line":228},"34":{"name":"(anonymous_34)","decl":{"start":{"line":230,"column":19},"end":{"line":230,"column":20}},"loc":{"start":{"line":230,"column":25},"end":{"line":230,"column":39}},"line":230},"35":{"name":"(anonymous_35)","decl":{"start":{"line":234,"column":13},"end":{"line":234,"column":14}},"loc":{"start":{"line":234,"column":24},"end":{"line":238,"column":7}},"line":234},"36":{"name":"(anonymous_36)","decl":{"start":{"line":236,"column":19},"end":{"line":236,"column":20}},"loc":{"start":{"line":236,"column":25},"end":{"line":236,"column":37}},"line":236}},"branchMap":{"0":{"loc":{"start":{"line":43,"column":4},"end":{"line":48,"column":5}},"type":"if","locations":[{"start":{"line":43,"column":4},"end":{"line":48,"column":5}},{"start":{},"end":{}}],"line":43},"1":{"loc":{"start":{"line":52,"column":4},"end":{"line":56,"column":5}},"type":"if","locations":[{"start":{"line":52,"column":4},"end":{"line":56,"column":5}},{"start":{},"end":{}}],"line":52},"2":{"loc":{"start":{"line":62,"column":6},"end":{"line":71,"column":7}},"type":"if","locations":[{"start":{"line":62,"column":6},"end":{"line":71,"column":7}},{"start":{},"end":{}}],"line":62},"3":{"loc":{"start":{"line":82,"column":6},"end":{"line":86,"column":7}},"type":"if","locations":[{"start":{"line":82,"column":6},"end":{"line":86,"column":7}},{"start":{"line":84,"column":13},"end":{"line":86,"column":7}}],"line":82},"4":{"loc":{"start":{"line":129,"column":6},"end":{"line":146,"column":7}},"type":"if","locations":[{"start":{"line":129,"column":6},"end":{"line":146,"column":7}},{"start":{"line":144,"column":13},"end":{"line":146,"column":7}}],"line":129},"5":{"loc":{"start":{"line":153,"column":4},"end":{"line":155,"column":5}},"type":"if","locations":[{"start":{"line":153,"column":4},"end":{"line":155,"column":5}},{"start":{},"end":{}}],"line":153},"6":{"loc":{"start":{"line":243,"column":7},"end":{"line":243,"column":46}},"type":"binary-expr","locations":[{"start":{"line":243,"column":7},"end":{"line":243,"column":18}},{"start":{"line":243,"column":22},"end":{"line":243,"column":46}}],"line":243},"7":{"loc":{"start":{"line":244,"column":7},"end":{"line":282,"column":7}},"type":"binary-expr","locations":[{"start":{"line":244,"column":7},"end":{"line":244,"column":17}},{"start":{"line":245,"column":8},"end":{"line":281,"column":14}}],"line":244},"8":{"loc":{"start":{"line":246,"column":11},"end":{"line":246,"column":59}},"type":"binary-expr","locations":[{"start":{"line":246,"column":11},"end":{"line":246,"column":16}},{"start":{"line":246,"column":20},"end":{"line":246,"column":59}}],"line":246},"9":{"loc":{"start":{"line":247,"column":11},"end":{"line":247,"column":65}},"type":"binary-expr","locations":[{"start":{"line":247,"column":11},"end":{"line":247,"column":18}},{"start":{"line":247,"column":22},"end":{"line":247,"column":65}}],"line":247},"10":{"loc":{"start":{"line":248,"column":11},"end":{"line":262,"column":11}},"type":"binary-expr","locations":[{"start":{"line":248,"column":11},"end":{"line":248,"column":28}},{"start":{"line":249,"column":12},"end":{"line":261,"column":14}}],"line":248},"11":{"loc":{"start":{"line":263,"column":11},"end":{"line":274,"column":11}},"type":"binary-expr","locations":[{"start":{"line":263,"column":11},"end":{"line":263,"column":29}},{"start":{"line":263,"column":33},"end":{"line":263,"column":48}},{"start":{"line":264,"column":12},"end":{"line":273,"column":14}}],"line":263},"12":{"loc":{"start":{"line":275,"column":11},"end":{"line":277,"column":11}},"type":"binary-expr","locations":[{"start":{"line":275,"column":11},"end":{"line":275,"column":60}},{"start":{"line":276,"column":12},"end":{"line":276,"column":68}}],"line":275},"13":{"loc":{"start":{"line":275,"column":13},"end":{"line":275,"column":59}},"type":"binary-expr","locations":[{"start":{"line":275,"column":13},"end":{"line":275,"column":34}},{"start":{"line":275,"column":38},"end":{"line":275,"column":59}}],"line":275},"14":{"loc":{"start":{"line":278,"column":11},"end":{"line":280,"column":11}},"type":"binary-expr","locations":[{"start":{"line":278,"column":11},"end":{"line":278,"column":33}},{"start":{"line":279,"column":12},"end":{"line":279,"column":74}}],"line":278}},"s":{"0":1,"1":8,"2":8,"3":8,"4":8,"5":8,"6":8,"7":8,"8":8,"9":8,"10":8,"11":8,"12":8,"13":8,"14":8,"15":8,"16":8,"17":8,"18":8,"19":8,"20":3,"21":3,"22":2,"23":2,"24":2,"25":2,"26":8,"27":4,"28":3,"29":3,"30":3,"31":8,"32":5,"33":5,"34":4,"35":4,"36":5,"37":8,"38":0,"39":0,"40":0,"41":0,"42":0,"43":8,"44":0,"45":8,"46":1,"47":1,"48":1,"49":1,"50":1,"51":1,"52":1,"53":1,"54":0,"55":0,"56":1,"57":1,"58":1,"59":1,"60":1,"61":1,"62":0,"63":1,"64":1,"65":0,"66":0,"67":0,"68":0,"69":0,"70":1,"71":14,"72":12,"73":2,"74":0,"75":8,"76":4,"77":4,"78":4,"79":0,"80":0,"81":4,"82":8,"83":8,"84":8,"85":8,"86":0,"87":0,"88":8,"89":8,"90":0,"91":0,"92":0,"93":0,"94":0,"95":0,"96":0,"97":0,"98":0,"99":0,"100":0,"101":0,"102":0,"103":8,"104":0,"105":0,"106":0,"107":0,"108":0,"109":0,"110":0,"111":0,"112":0,"113":0,"114":0,"115":8},"f":{"0":8,"1":3,"2":4,"3":5,"4":5,"5":0,"6":0,"7":0,"8":0,"9":1,"10":0,"11":1,"12":1,"13":0,"14":0,"15":0,"16":14,"17":0,"18":4,"19":4,"20":0,"21":4,"22":8,"23":8,"24":0,"25":8,"26":0,"27":0,"28":0,"29":0,"30":0,"31":0,"32":0,"33":0,"34":0,"35":0,"36":0},"b":{"0":[2,1],"1":[3,1],"2":[4,1],"3":[0,0],"4":[1,0],"5":[12,2],"6":[8,1],"7":[8,7],"8":[7,0],"9":[7,1],"10":[7,0],"11":[7,7,7],"12":[7,0],"13":[7,0],"14":[7,0]},"_coverageSchema":"1a1c01bbd47fc00a2c39e90264f33305004495a9","hash":"061680499520e91e598eaa060330f4f7290785d8"}
,"/home/oskarruo/ohtu/klusteri-website/frontend/src/pages/ownpage.jsx": {"path":"/home/oskarruo/ohtu/klusteri-website/frontend/src/pages/ownpage.jsx","statementMap":{"0":{"start":{"line":12,"column":16},"end":{"line":631,"column":1}},"1":{"start":{"line":13,"column":28},"end":{"line":13,"column":45}},"2":{"start":{"line":14,"column":34},"end":{"line":14,"column":46}},"3":{"start":{"line":15,"column":28},"end":{"line":15,"column":40}},"4":{"start":{"line":16,"column":34},"end":{"line":16,"column":46}},"5":{"start":{"line":17,"column":26},"end":{"line":17,"column":39}},"6":{"start":{"line":20,"column":56},"end":{"line":20,"column":68}},"7":{"start":{"line":21,"column":50},"end":{"line":21,"column":62}},"8":{"start":{"line":22,"column":56},"end":{"line":22,"column":68}},"9":{"start":{"line":23,"column":48},"end":{"line":23,"column":62}},"10":{"start":{"line":24,"column":66},"end":{"line":24,"column":78}},"11":{"start":{"line":25,"column":44},"end":{"line":25,"column":56}},"12":{"start":{"line":27,"column":44},"end":{"line":27,"column":56}},"13":{"start":{"line":28,"column":40},"end":{"line":28,"column":54}},"14":{"start":{"line":30,"column":53},"end":{"line":30,"column":65}},"15":{"start":{"line":31,"column":51},"end":{"line":31,"column":63}},"16":{"start":{"line":32,"column":59},"end":{"line":32,"column":71}},"17":{"start":{"line":33,"column":51},"end":{"line":33,"column":64}},"18":{"start":{"line":35,"column":60},"end":{"line":35,"column":72}},"19":{"start":{"line":36,"column":58},"end":{"line":36,"column":70}},"20":{"start":{"line":37,"column":66},"end":{"line":37,"column":78}},"21":{"start":{"line":38,"column":58},"end":{"line":38,"column":71}},"22":{"start":{"line":40,"column":34},"end":{"line":40,"column":46}},"23":{"start":{"line":41,"column":42},"end":{"line":41,"column":56}},"24":{"start":{"line":42,"column":58},"end":{"line":42,"column":72}},"25":{"start":{"line":44,"column":44},"end":{"line":44,"column":59}},"26":{"start":{"line":45,"column":50},"end":{"line":45,"column":65}},"27":{"start":{"line":46,"column":38},"end":{"line":46,"column":62}},"28":{"start":{"line":47,"column":28},"end":{"line":47,"column":40}},"29":{"start":{"line":48,"column":32},"end":{"line":48,"column":44}},"30":{"start":{"line":50,"column":18},"end":{"line":50,"column":37}},"31":{"start":{"line":52,"column":2},"end":{"line":63,"column":31}},"32":{"start":{"line":53,"column":4},"end":{"line":53,"column":34}},"33":{"start":{"line":54,"column":4},"end":{"line":62,"column":5}},"34":{"start":{"line":55,"column":25},"end":{"line":55,"column":71}},"35":{"start":{"line":56,"column":6},"end":{"line":56,"column":39}},"36":{"start":{"line":57,"column":6},"end":{"line":57,"column":33}},"37":{"start":{"line":58,"column":6},"end":{"line":58,"column":39}},"38":{"start":{"line":59,"column":6},"end":{"line":59,"column":31}},"39":{"start":{"line":60,"column":6},"end":{"line":60,"column":25}},"40":{"start":{"line":61,"column":6},"end":{"line":61,"column":22}},"41":{"start":{"line":66,"column":2},"end":{"line":72,"column":19}},"42":{"start":{"line":67,"column":4},"end":{"line":71,"column":5}},"43":{"start":{"line":68,"column":6},"end":{"line":68,"column":25}},"44":{"start":{"line":69,"column":6},"end":{"line":69,"column":20}},"45":{"start":{"line":70,"column":6},"end":{"line":70,"column":22}},"46":{"start":{"line":77,"column":28},"end":{"line":150,"column":3}},"47":{"start":{"line":78,"column":4},"end":{"line":78,"column":27}},"48":{"start":{"line":80,"column":20},"end":{"line":84,"column":5}},"49":{"start":{"line":86,"column":23},"end":{"line":86,"column":69}},"50":{"start":{"line":87,"column":20},"end":{"line":87,"column":33}},"51":{"start":{"line":89,"column":4},"end":{"line":93,"column":5}},"52":{"start":{"line":90,"column":6},"end":{"line":90,"column":70}},"53":{"start":{"line":91,"column":6},"end":{"line":91,"column":43}},"54":{"start":{"line":91,"column":23},"end":{"line":91,"column":35}},"55":{"start":{"line":92,"column":6},"end":{"line":92,"column":13}},"56":{"start":{"line":95,"column":4},"end":{"line":110,"column":5}},"57":{"start":{"line":96,"column":6},"end":{"line":109,"column":11}},"58":{"start":{"line":99,"column":32},"end":{"line":99,"column":45}},"59":{"start":{"line":100,"column":10},"end":{"line":108,"column":11}},"60":{"start":{"line":102,"column":24},"end":{"line":102,"column":79}},"61":{"start":{"line":105,"column":12},"end":{"line":105,"column":49}},"62":{"start":{"line":106,"column":12},"end":{"line":106,"column":49}},"63":{"start":{"line":106,"column":29},"end":{"line":106,"column":41}},"64":{"start":{"line":107,"column":12},"end":{"line":107,"column":19}},"65":{"start":{"line":112,"column":4},"end":{"line":126,"column":9}},"66":{"start":{"line":115,"column":30},"end":{"line":115,"column":43}},"67":{"start":{"line":116,"column":8},"end":{"line":124,"column":9}},"68":{"start":{"line":118,"column":22},"end":{"line":118,"column":71}},"69":{"start":{"line":121,"column":10},"end":{"line":121,"column":49}},"70":{"start":{"line":122,"column":10},"end":{"line":122,"column":47}},"71":{"start":{"line":122,"column":27},"end":{"line":122,"column":39}},"72":{"start":{"line":123,"column":10},"end":{"line":123,"column":17}},"73":{"start":{"line":125,"column":8},"end":{"line":125,"column":24}},"74":{"start":{"line":129,"column":28},"end":{"line":131,"column":7}},"75":{"start":{"line":133,"column":6},"end":{"line":148,"column":7}},"76":{"start":{"line":134,"column":8},"end":{"line":145,"column":13}},"77":{"start":{"line":137,"column":12},"end":{"line":137,"column":77}},"78":{"start":{"line":138,"column":12},"end":{"line":138,"column":78}},"79":{"start":{"line":139,"column":12},"end":{"line":139,"column":35}},"80":{"start":{"line":140,"column":12},"end":{"line":140,"column":59}},"81":{"start":{"line":141,"column":12},"end":{"line":141,"column":51}},"82":{"start":{"line":141,"column":29},"end":{"line":141,"column":43}},"83":{"start":{"line":144,"column":12},"end":{"line":144,"column":65}},"84":{"start":{"line":147,"column":8},"end":{"line":147,"column":50}},"85":{"start":{"line":152,"column":34},"end":{"line":193,"column":3}},"86":{"start":{"line":157,"column":4},"end":{"line":157,"column":27}},"87":{"start":{"line":159,"column":26},"end":{"line":161,"column":5}},"88":{"start":{"line":163,"column":26},"end":{"line":168,"column":5}},"89":{"start":{"line":170,"column":4},"end":{"line":192,"column":5}},"90":{"start":{"line":171,"column":6},"end":{"line":189,"column":11}},"91":{"start":{"line":174,"column":10},"end":{"line":174,"column":75}},"92":{"start":{"line":176,"column":10},"end":{"line":176,"column":57}},"93":{"start":{"line":177,"column":10},"end":{"line":177,"column":49}},"94":{"start":{"line":177,"column":27},"end":{"line":177,"column":41}},"95":{"start":{"line":178,"column":10},"end":{"line":178,"column":24}},"96":{"start":{"line":180,"column":10},"end":{"line":183,"column":11}},"97":{"start":{"line":181,"column":12},"end":{"line":181,"column":78}},"98":{"start":{"line":182,"column":12},"end":{"line":182,"column":35}},"99":{"start":{"line":186,"column":10},"end":{"line":186,"column":63}},"100":{"start":{"line":187,"column":10},"end":{"line":187,"column":57}},"101":{"start":{"line":188,"column":10},"end":{"line":188,"column":47}},"102":{"start":{"line":188,"column":27},"end":{"line":188,"column":39}},"103":{"start":{"line":191,"column":6},"end":{"line":191,"column":48}},"104":{"start":{"line":198,"column":27},"end":{"line":208,"column":3}},"105":{"start":{"line":199,"column":4},"end":{"line":207,"column":9}},"106":{"start":{"line":202,"column":21},"end":{"line":202,"column":34}},"107":{"start":{"line":203,"column":8},"end":{"line":203,"column":31}},"108":{"start":{"line":206,"column":8},"end":{"line":206,"column":62}},"109":{"start":{"line":211,"column":27},"end":{"line":223,"column":3}},"110":{"start":{"line":212,"column":25},"end":{"line":212,"column":70}},"111":{"start":{"line":212,"column":53},"end":{"line":212,"column":69}},"112":{"start":{"line":213,"column":4},"end":{"line":213,"column":46}},"113":{"start":{"line":214,"column":4},"end":{"line":214,"column":48}},"114":{"start":{"line":215,"column":4},"end":{"line":215,"column":54}},"115":{"start":{"line":216,"column":4},"end":{"line":216,"column":46}},"116":{"start":{"line":217,"column":4},"end":{"line":222,"column":7}},"117":{"start":{"line":218,"column":6},"end":{"line":220,"column":7}},"118":{"start":{"line":219,"column":8},"end":{"line":219,"column":20}},"119":{"start":{"line":221,"column":6},"end":{"line":221,"column":19}},"120":{"start":{"line":226,"column":36},"end":{"line":258,"column":3}},"121":{"start":{"line":227,"column":34},"end":{"line":232,"column":5}},"122":{"start":{"line":233,"column":4},"end":{"line":257,"column":5}},"123":{"start":{"line":234,"column":28},"end":{"line":236,"column":7}},"124":{"start":{"line":238,"column":6},"end":{"line":253,"column":7}},"125":{"start":{"line":239,"column":8},"end":{"line":252,"column":13}},"126":{"start":{"line":245,"column":12},"end":{"line":245,"column":77}},"127":{"start":{"line":246,"column":12},"end":{"line":246,"column":59}},"128":{"start":{"line":247,"column":12},"end":{"line":247,"column":51}},"129":{"start":{"line":247,"column":29},"end":{"line":247,"column":43}},"130":{"start":{"line":248,"column":12},"end":{"line":248,"column":31}},"131":{"start":{"line":251,"column":12},"end":{"line":251,"column":60}},"132":{"start":{"line":255,"column":6},"end":{"line":255,"column":43}},"133":{"start":{"line":256,"column":6},"end":{"line":256,"column":43}},"134":{"start":{"line":256,"column":23},"end":{"line":256,"column":35}},"135":{"start":{"line":261,"column":35},"end":{"line":279,"column":3}},"136":{"start":{"line":262,"column":26},"end":{"line":264,"column":5}},"137":{"start":{"line":266,"column":4},"end":{"line":278,"column":5}},"138":{"start":{"line":267,"column":6},"end":{"line":277,"column":11}},"139":{"start":{"line":270,"column":10},"end":{"line":270,"column":75}},"140":{"start":{"line":271,"column":10},"end":{"line":271,"column":29}},"141":{"start":{"line":272,"column":10},"end":{"line":272,"column":58}},"142":{"start":{"line":273,"column":10},"end":{"line":273,"column":49}},"143":{"start":{"line":273,"column":27},"end":{"line":273,"column":41}},"144":{"start":{"line":276,"column":10},"end":{"line":276,"column":63}},"145":{"start":{"line":282,"column":35},"end":{"line":324,"column":8}},"146":{"start":{"line":283,"column":4},"end":{"line":324,"column":8}},"147":{"start":{"line":288,"column":38},"end":{"line":288,"column":51}},"148":{"start":{"line":289,"column":8},"end":{"line":294,"column":9}},"149":{"start":{"line":290,"column":46},"end":{"line":290,"column":76}},"150":{"start":{"line":292,"column":10},"end":{"line":292,"column":42}},"151":{"start":{"line":293,"column":10},"end":{"line":293,"column":47}},"152":{"start":{"line":293,"column":27},"end":{"line":293,"column":39}},"153":{"start":{"line":295,"column":8},"end":{"line":320,"column":9}},"154":{"start":{"line":296,"column":46},"end":{"line":296,"column":78}},"155":{"start":{"line":298,"column":10},"end":{"line":298,"column":49}},"156":{"start":{"line":299,"column":10},"end":{"line":299,"column":47}},"157":{"start":{"line":299,"column":27},"end":{"line":299,"column":39}},"158":{"start":{"line":301,"column":37},"end":{"line":306,"column":11}},"159":{"start":{"line":307,"column":10},"end":{"line":307,"column":42}},"160":{"start":{"line":308,"column":10},"end":{"line":319,"column":15}},"161":{"start":{"line":311,"column":14},"end":{"line":311,"column":36}},"162":{"start":{"line":312,"column":14},"end":{"line":312,"column":64}},"163":{"start":{"line":313,"column":14},"end":{"line":313,"column":58}},"164":{"start":{"line":314,"column":14},"end":{"line":314,"column":53}},"165":{"start":{"line":314,"column":31},"end":{"line":314,"column":45}},"166":{"start":{"line":315,"column":14},"end":{"line":315,"column":33}},"167":{"start":{"line":318,"column":14},"end":{"line":318,"column":62}},"168":{"start":{"line":323,"column":8},"end":{"line":323,"column":54}},"169":{"start":{"line":329,"column":22},"end":{"line":339,"column":3}},"170":{"start":{"line":330,"column":4},"end":{"line":338,"column":9}},"171":{"start":{"line":333,"column":21},"end":{"line":333,"column":34}},"172":{"start":{"line":334,"column":8},"end":{"line":334,"column":26}},"173":{"start":{"line":337,"column":8},"end":{"line":337,"column":58}},"174":{"start":{"line":341,"column":28},"end":{"line":361,"column":3}},"175":{"start":{"line":342,"column":25},"end":{"line":342,"column":68}},"176":{"start":{"line":342,"column":49},"end":{"line":342,"column":67}},"177":{"start":{"line":343,"column":4},"end":{"line":343,"column":50}},"178":{"start":{"line":344,"column":4},"end":{"line":344,"column":44}},"179":{"start":{"line":345,"column":4},"end":{"line":345,"column":50}},"180":{"start":{"line":346,"column":4},"end":{"line":346,"column":42}},"181":{"start":{"line":347,"column":4},"end":{"line":347,"column":38}},"182":{"start":{"line":350,"column":20},"end":{"line":350,"column":45}},"183":{"start":{"line":351,"column":4},"end":{"line":353,"column":6}},"184":{"start":{"line":352,"column":43},"end":{"line":352,"column":64}},"185":{"start":{"line":355,"column":4},"end":{"line":360,"column":7}},"186":{"start":{"line":356,"column":6},"end":{"line":358,"column":7}},"187":{"start":{"line":357,"column":8},"end":{"line":357,"column":20}},"188":{"start":{"line":359,"column":6},"end":{"line":359,"column":20}},"189":{"start":{"line":364,"column":25},"end":{"line":398,"column":3}},"190":{"start":{"line":365,"column":27},"end":{"line":365,"column":33}},"191":{"start":{"line":366,"column":23},"end":{"line":366,"column":69}},"192":{"start":{"line":367,"column":25},"end":{"line":367,"column":38}},"193":{"start":{"line":369,"column":4},"end":{"line":369,"column":20}},"194":{"start":{"line":372,"column":28},"end":{"line":374,"column":7}},"195":{"start":{"line":376,"column":6},"end":{"line":396,"column":7}},"196":{"start":{"line":377,"column":8},"end":{"line":381,"column":13}},"197":{"start":{"line":380,"column":12},"end":{"line":380,"column":69}},"198":{"start":{"line":382,"column":8},"end":{"line":393,"column":13}},"199":{"start":{"line":385,"column":12},"end":{"line":385,"column":68}},"200":{"start":{"line":386,"column":12},"end":{"line":386,"column":78}},"201":{"start":{"line":387,"column":12},"end":{"line":387,"column":35}},"202":{"start":{"line":388,"column":12},"end":{"line":388,"column":59}},"203":{"start":{"line":389,"column":12},"end":{"line":389,"column":51}},"204":{"start":{"line":389,"column":29},"end":{"line":389,"column":43}},"205":{"start":{"line":392,"column":12},"end":{"line":392,"column":65}},"206":{"start":{"line":395,"column":8},"end":{"line":395,"column":50}},"207":{"start":{"line":401,"column":26},"end":{"line":446,"column":3}},"208":{"start":{"line":402,"column":4},"end":{"line":402,"column":27}},"209":{"start":{"line":404,"column":4},"end":{"line":407,"column":5}},"210":{"start":{"line":405,"column":6},"end":{"line":405,"column":64}},"211":{"start":{"line":406,"column":6},"end":{"line":406,"column":13}},"212":{"start":{"line":410,"column":31},"end":{"line":412,"column":5}},"213":{"start":{"line":414,"column":4},"end":{"line":416,"column":5}},"214":{"start":{"line":415,"column":6},"end":{"line":415,"column":13}},"215":{"start":{"line":418,"column":4},"end":{"line":445,"column":5}},"216":{"start":{"line":419,"column":26},"end":{"line":419,"column":62}},"217":{"start":{"line":420,"column":23},"end":{"line":430,"column":7}},"218":{"start":{"line":432,"column":6},"end":{"line":441,"column":7}},"219":{"start":{"line":434,"column":8},"end":{"line":434,"column":49}},"220":{"start":{"line":435,"column":8},"end":{"line":437,"column":17}},"221":{"start":{"line":436,"column":10},"end":{"line":436,"column":25}},"222":{"start":{"line":440,"column":8},"end":{"line":440,"column":26}},"223":{"start":{"line":443,"column":6},"end":{"line":443,"column":53}},"224":{"start":{"line":444,"column":6},"end":{"line":444,"column":48}},"225":{"start":{"line":449,"column":27},"end":{"line":451,"column":3}},"226":{"start":{"line":450,"column":4},"end":{"line":450,"column":40}},"227":{"start":{"line":454,"column":35},"end":{"line":456,"column":3}},"228":{"start":{"line":455,"column":4},"end":{"line":455,"column":48}},"229":{"start":{"line":458,"column":24},"end":{"line":484,"column":3}},"230":{"start":{"line":464,"column":24},"end":{"line":464,"column":60}},"231":{"start":{"line":465,"column":4},"end":{"line":483,"column":9}},"232":{"start":{"line":472,"column":28},"end":{"line":472,"column":41}},"233":{"start":{"line":473,"column":8},"end":{"line":482,"column":9}},"234":{"start":{"line":474,"column":10},"end":{"line":474,"column":33}},"235":{"start":{"line":475,"column":10},"end":{"line":475,"column":36}},"236":{"start":{"line":476,"column":15},"end":{"line":482,"column":9}},"237":{"start":{"line":477,"column":10},"end":{"line":477,"column":36}},"238":{"start":{"line":478,"column":10},"end":{"line":478,"column":34}},"239":{"start":{"line":480,"column":10},"end":{"line":480,"column":34}},"240":{"start":{"line":481,"column":10},"end":{"line":481,"column":37}},"241":{"start":{"line":486,"column":2},"end":{"line":630,"column":4}},"242":{"start":{"line":591,"column":26},"end":{"line":593,"column":35}},"243":{"start":{"line":611,"column":26},"end":{"line":613,"column":35}}},"fnMap":{"0":{"name":"(anonymous_0)","decl":{"start":{"line":12,"column":16},"end":{"line":12,"column":17}},"loc":{"start":{"line":12,"column":52},"end":{"line":631,"column":1}},"line":12},"1":{"name":"(anonymous_1)","decl":{"start":{"line":52,"column":12},"end":{"line":52,"column":13}},"loc":{"start":{"line":52,"column":18},"end":{"line":63,"column":3}},"line":52},"2":{"name":"(anonymous_2)","decl":{"start":{"line":66,"column":12},"end":{"line":66,"column":13}},"loc":{"start":{"line":66,"column":18},"end":{"line":72,"column":3}},"line":66},"3":{"name":"(anonymous_3)","decl":{"start":{"line":77,"column":28},"end":{"line":77,"column":29}},"loc":{"start":{"line":77,"column":39},"end":{"line":150,"column":3}},"line":77},"4":{"name":"(anonymous_4)","decl":{"start":{"line":91,"column":17},"end":{"line":91,"column":18}},"loc":{"start":{"line":91,"column":23},"end":{"line":91,"column":35}},"line":91},"5":{"name":"(anonymous_5)","decl":{"start":{"line":98,"column":14},"end":{"line":98,"column":15}},"loc":{"start":{"line":98,"column":28},"end":{"line":109,"column":9}},"line":98},"6":{"name":"(anonymous_6)","decl":{"start":{"line":102,"column":14},"end":{"line":102,"column":15}},"loc":{"start":{"line":102,"column":24},"end":{"line":102,"column":79}},"line":102},"7":{"name":"(anonymous_7)","decl":{"start":{"line":106,"column":23},"end":{"line":106,"column":24}},"loc":{"start":{"line":106,"column":29},"end":{"line":106,"column":41}},"line":106},"8":{"name":"(anonymous_8)","decl":{"start":{"line":114,"column":12},"end":{"line":114,"column":13}},"loc":{"start":{"line":114,"column":26},"end":{"line":126,"column":7}},"line":114},"9":{"name":"(anonymous_9)","decl":{"start":{"line":118,"column":12},"end":{"line":118,"column":13}},"loc":{"start":{"line":118,"column":22},"end":{"line":118,"column":71}},"line":118},"10":{"name":"(anonymous_10)","decl":{"start":{"line":122,"column":21},"end":{"line":122,"column":22}},"loc":{"start":{"line":122,"column":27},"end":{"line":122,"column":39}},"line":122},"11":{"name":"confirmupdate","decl":{"start":{"line":128,"column":13},"end":{"line":128,"column":26}},"loc":{"start":{"line":128,"column":29},"end":{"line":149,"column":5}},"line":128},"12":{"name":"(anonymous_12)","decl":{"start":{"line":136,"column":16},"end":{"line":136,"column":17}},"loc":{"start":{"line":136,"column":30},"end":{"line":142,"column":11}},"line":136},"13":{"name":"(anonymous_13)","decl":{"start":{"line":141,"column":23},"end":{"line":141,"column":24}},"loc":{"start":{"line":141,"column":29},"end":{"line":141,"column":43}},"line":141},"14":{"name":"(anonymous_14)","decl":{"start":{"line":143,"column":17},"end":{"line":143,"column":18}},"loc":{"start":{"line":143,"column":28},"end":{"line":145,"column":11}},"line":143},"15":{"name":"(anonymous_15)","decl":{"start":{"line":152,"column":34},"end":{"line":152,"column":35}},"loc":{"start":{"line":152,"column":45},"end":{"line":193,"column":3}},"line":152},"16":{"name":"(anonymous_16)","decl":{"start":{"line":173,"column":14},"end":{"line":173,"column":15}},"loc":{"start":{"line":173,"column":28},"end":{"line":184,"column":9}},"line":173},"17":{"name":"(anonymous_17)","decl":{"start":{"line":177,"column":21},"end":{"line":177,"column":22}},"loc":{"start":{"line":177,"column":27},"end":{"line":177,"column":41}},"line":177},"18":{"name":"(anonymous_18)","decl":{"start":{"line":185,"column":15},"end":{"line":185,"column":16}},"loc":{"start":{"line":185,"column":26},"end":{"line":189,"column":9}},"line":185},"19":{"name":"(anonymous_19)","decl":{"start":{"line":188,"column":21},"end":{"line":188,"column":22}},"loc":{"start":{"line":188,"column":27},"end":{"line":188,"column":39}},"line":188},"20":{"name":"(anonymous_20)","decl":{"start":{"line":198,"column":27},"end":{"line":198,"column":28}},"loc":{"start":{"line":198,"column":33},"end":{"line":208,"column":3}},"line":198},"21":{"name":"(anonymous_21)","decl":{"start":{"line":201,"column":12},"end":{"line":201,"column":13}},"loc":{"start":{"line":201,"column":26},"end":{"line":204,"column":7}},"line":201},"22":{"name":"(anonymous_22)","decl":{"start":{"line":205,"column":13},"end":{"line":205,"column":14}},"loc":{"start":{"line":205,"column":24},"end":{"line":207,"column":7}},"line":205},"23":{"name":"(anonymous_23)","decl":{"start":{"line":211,"column":27},"end":{"line":211,"column":28}},"loc":{"start":{"line":211,"column":38},"end":{"line":223,"column":3}},"line":211},"24":{"name":"(anonymous_24)","decl":{"start":{"line":212,"column":44},"end":{"line":212,"column":45}},"loc":{"start":{"line":212,"column":53},"end":{"line":212,"column":69}},"line":212},"25":{"name":"(anonymous_25)","decl":{"start":{"line":217,"column":19},"end":{"line":217,"column":20}},"loc":{"start":{"line":217,"column":40},"end":{"line":222,"column":5}},"line":217},"26":{"name":"(anonymous_26)","decl":{"start":{"line":226,"column":36},"end":{"line":226,"column":37}},"loc":{"start":{"line":226,"column":47},"end":{"line":258,"column":3}},"line":226},"27":{"name":"(anonymous_27)","decl":{"start":{"line":244,"column":16},"end":{"line":244,"column":17}},"loc":{"start":{"line":244,"column":30},"end":{"line":249,"column":11}},"line":244},"28":{"name":"(anonymous_28)","decl":{"start":{"line":247,"column":23},"end":{"line":247,"column":24}},"loc":{"start":{"line":247,"column":29},"end":{"line":247,"column":43}},"line":247},"29":{"name":"(anonymous_29)","decl":{"start":{"line":250,"column":17},"end":{"line":250,"column":18}},"loc":{"start":{"line":250,"column":28},"end":{"line":252,"column":11}},"line":250},"30":{"name":"(anonymous_30)","decl":{"start":{"line":256,"column":17},"end":{"line":256,"column":18}},"loc":{"start":{"line":256,"column":23},"end":{"line":256,"column":35}},"line":256},"31":{"name":"(anonymous_31)","decl":{"start":{"line":261,"column":35},"end":{"line":261,"column":36}},"loc":{"start":{"line":261,"column":46},"end":{"line":279,"column":3}},"line":261},"32":{"name":"(anonymous_32)","decl":{"start":{"line":269,"column":14},"end":{"line":269,"column":15}},"loc":{"start":{"line":269,"column":28},"end":{"line":274,"column":9}},"line":269},"33":{"name":"(anonymous_33)","decl":{"start":{"line":273,"column":21},"end":{"line":273,"column":22}},"loc":{"start":{"line":273,"column":27},"end":{"line":273,"column":41}},"line":273},"34":{"name":"(anonymous_34)","decl":{"start":{"line":275,"column":15},"end":{"line":275,"column":16}},"loc":{"start":{"line":275,"column":26},"end":{"line":277,"column":9}},"line":275},"35":{"name":"(anonymous_35)","decl":{"start":{"line":282,"column":35},"end":{"line":282,"column":36}},"loc":{"start":{"line":283,"column":4},"end":{"line":324,"column":8}},"line":283},"36":{"name":"(anonymous_36)","decl":{"start":{"line":287,"column":12},"end":{"line":287,"column":13}},"loc":{"start":{"line":287,"column":26},"end":{"line":321,"column":7}},"line":287},"37":{"name":"(anonymous_37)","decl":{"start":{"line":290,"column":37},"end":{"line":290,"column":38}},"loc":{"start":{"line":290,"column":46},"end":{"line":290,"column":76}},"line":290},"38":{"name":"(anonymous_38)","decl":{"start":{"line":293,"column":21},"end":{"line":293,"column":22}},"loc":{"start":{"line":293,"column":27},"end":{"line":293,"column":39}},"line":293},"39":{"name":"(anonymous_39)","decl":{"start":{"line":296,"column":37},"end":{"line":296,"column":38}},"loc":{"start":{"line":296,"column":46},"end":{"line":296,"column":78}},"line":296},"40":{"name":"(anonymous_40)","decl":{"start":{"line":299,"column":21},"end":{"line":299,"column":22}},"loc":{"start":{"line":299,"column":27},"end":{"line":299,"column":39}},"line":299},"41":{"name":"(anonymous_41)","decl":{"start":{"line":310,"column":18},"end":{"line":310,"column":19}},"loc":{"start":{"line":310,"column":32},"end":{"line":316,"column":13}},"line":310},"42":{"name":"(anonymous_42)","decl":{"start":{"line":314,"column":25},"end":{"line":314,"column":26}},"loc":{"start":{"line":314,"column":31},"end":{"line":314,"column":45}},"line":314},"43":{"name":"(anonymous_43)","decl":{"start":{"line":317,"column":19},"end":{"line":317,"column":20}},"loc":{"start":{"line":317,"column":30},"end":{"line":319,"column":13}},"line":317},"44":{"name":"(anonymous_44)","decl":{"start":{"line":322,"column":13},"end":{"line":322,"column":14}},"loc":{"start":{"line":322,"column":24},"end":{"line":324,"column":7}},"line":322},"45":{"name":"(anonymous_45)","decl":{"start":{"line":329,"column":22},"end":{"line":329,"column":23}},"loc":{"start":{"line":329,"column":28},"end":{"line":339,"column":3}},"line":329},"46":{"name":"(anonymous_46)","decl":{"start":{"line":332,"column":12},"end":{"line":332,"column":13}},"loc":{"start":{"line":332,"column":26},"end":{"line":335,"column":7}},"line":332},"47":{"name":"(anonymous_47)","decl":{"start":{"line":336,"column":13},"end":{"line":336,"column":14}},"loc":{"start":{"line":336,"column":24},"end":{"line":338,"column":7}},"line":336},"48":{"name":"(anonymous_48)","decl":{"start":{"line":341,"column":28},"end":{"line":341,"column":29}},"loc":{"start":{"line":341,"column":40},"end":{"line":361,"column":3}},"line":341},"49":{"name":"(anonymous_49)","decl":{"start":{"line":342,"column":39},"end":{"line":342,"column":40}},"loc":{"start":{"line":342,"column":49},"end":{"line":342,"column":67}},"line":342},"50":{"name":"(anonymous_50)","decl":{"start":{"line":352,"column":34},"end":{"line":352,"column":35}},"loc":{"start":{"line":352,"column":43},"end":{"line":352,"column":64}},"line":352},"51":{"name":"(anonymous_51)","decl":{"start":{"line":355,"column":20},"end":{"line":355,"column":21}},"loc":{"start":{"line":355,"column":42},"end":{"line":360,"column":5}},"line":355},"52":{"name":"(anonymous_52)","decl":{"start":{"line":364,"column":25},"end":{"line":364,"column":26}},"loc":{"start":{"line":364,"column":37},"end":{"line":398,"column":3}},"line":364},"53":{"name":"confirmupdate","decl":{"start":{"line":371,"column":13},"end":{"line":371,"column":26}},"loc":{"start":{"line":371,"column":29},"end":{"line":397,"column":5}},"line":371},"54":{"name":"(anonymous_54)","decl":{"start":{"line":379,"column":16},"end":{"line":379,"column":17}},"loc":{"start":{"line":379,"column":30},"end":{"line":381,"column":11}},"line":379},"55":{"name":"(anonymous_55)","decl":{"start":{"line":384,"column":16},"end":{"line":384,"column":17}},"loc":{"start":{"line":384,"column":30},"end":{"line":390,"column":11}},"line":384},"56":{"name":"(anonymous_56)","decl":{"start":{"line":389,"column":23},"end":{"line":389,"column":24}},"loc":{"start":{"line":389,"column":29},"end":{"line":389,"column":43}},"line":389},"57":{"name":"(anonymous_57)","decl":{"start":{"line":391,"column":17},"end":{"line":391,"column":18}},"loc":{"start":{"line":391,"column":28},"end":{"line":393,"column":11}},"line":391},"58":{"name":"(anonymous_58)","decl":{"start":{"line":401,"column":26},"end":{"line":401,"column":27}},"loc":{"start":{"line":401,"column":43},"end":{"line":446,"column":3}},"line":401},"59":{"name":"(anonymous_59)","decl":{"start":{"line":435,"column":19},"end":{"line":435,"column":20}},"loc":{"start":{"line":435,"column":25},"end":{"line":437,"column":9}},"line":435},"60":{"name":"(anonymous_60)","decl":{"start":{"line":449,"column":27},"end":{"line":449,"column":28}},"loc":{"start":{"line":449,"column":38},"end":{"line":451,"column":3}},"line":449},"61":{"name":"(anonymous_61)","decl":{"start":{"line":454,"column":35},"end":{"line":454,"column":36}},"loc":{"start":{"line":454,"column":46},"end":{"line":456,"column":3}},"line":454},"62":{"name":"(anonymous_62)","decl":{"start":{"line":458,"column":24},"end":{"line":458,"column":25}},"loc":{"start":{"line":458,"column":36},"end":{"line":484,"column":3}},"line":458},"63":{"name":"(anonymous_63)","decl":{"start":{"line":471,"column":12},"end":{"line":471,"column":13}},"loc":{"start":{"line":471,"column":26},"end":{"line":483,"column":7}},"line":471},"64":{"name":"(anonymous_64)","decl":{"start":{"line":590,"column":38},"end":{"line":590,"column":39}},"loc":{"start":{"line":591,"column":26},"end":{"line":593,"column":35}},"line":591},"65":{"name":"(anonymous_65)","decl":{"start":{"line":610,"column":43},"end":{"line":610,"column":44}},"loc":{"start":{"line":611,"column":26},"end":{"line":613,"column":35}},"line":611}},"branchMap":{"0":{"loc":{"start":{"line":54,"column":4},"end":{"line":62,"column":5}},"type":"if","locations":[{"start":{"line":54,"column":4},"end":{"line":62,"column":5}},{"start":{},"end":{}}],"line":54},"1":{"loc":{"start":{"line":63,"column":6},"end":{"line":63,"column":28}},"type":"binary-expr","locations":[{"start":{"line":63,"column":6},"end":{"line":63,"column":10}},{"start":{"line":63,"column":14},"end":{"line":63,"column":28}}],"line":63},"2":{"loc":{"start":{"line":67,"column":4},"end":{"line":71,"column":5}},"type":"if","locations":[{"start":{"line":67,"column":4},"end":{"line":71,"column":5}},{"start":{},"end":{}}],"line":67},"3":{"loc":{"start":{"line":89,"column":4},"end":{"line":93,"column":5}},"type":"if","locations":[{"start":{"line":89,"column":4},"end":{"line":93,"column":5}},{"start":{},"end":{}}],"line":89},"4":{"loc":{"start":{"line":89,"column":8},"end":{"line":89,"column":27}},"type":"binary-expr","locations":[{"start":{"line":89,"column":8},"end":{"line":89,"column":17}},{"start":{"line":89,"column":21},"end":{"line":89,"column":27}}],"line":89},"5":{"loc":{"start":{"line":95,"column":4},"end":{"line":110,"column":5}},"type":"if","locations":[{"start":{"line":95,"column":4},"end":{"line":110,"column":5}},{"start":{},"end":{}}],"line":95},"6":{"loc":{"start":{"line":100,"column":10},"end":{"line":108,"column":11}},"type":"if","locations":[{"start":{"line":100,"column":10},"end":{"line":108,"column":11}},{"start":{},"end":{}}],"line":100},"7":{"loc":{"start":{"line":102,"column":24},"end":{"line":102,"column":79}},"type":"binary-expr","locations":[{"start":{"line":102,"column":24},"end":{"line":102,"column":50}},{"start":{"line":102,"column":54},"end":{"line":102,"column":79}}],"line":102},"8":{"loc":{"start":{"line":116,"column":8},"end":{"line":124,"column":9}},"type":"if","locations":[{"start":{"line":116,"column":8},"end":{"line":124,"column":9}},{"start":{},"end":{}}],"line":116},"9":{"loc":{"start":{"line":118,"column":22},"end":{"line":118,"column":71}},"type":"binary-expr","locations":[{"start":{"line":118,"column":22},"end":{"line":118,"column":42}},{"start":{"line":118,"column":46},"end":{"line":118,"column":71}}],"line":118},"10":{"loc":{"start":{"line":133,"column":6},"end":{"line":148,"column":7}},"type":"if","locations":[{"start":{"line":133,"column":6},"end":{"line":148,"column":7}},{"start":{"line":146,"column":13},"end":{"line":148,"column":7}}],"line":133},"11":{"loc":{"start":{"line":170,"column":4},"end":{"line":192,"column":5}},"type":"if","locations":[{"start":{"line":170,"column":4},"end":{"line":192,"column":5}},{"start":{"line":190,"column":11},"end":{"line":192,"column":5}}],"line":170},"12":{"loc":{"start":{"line":180,"column":10},"end":{"line":183,"column":11}},"type":"if","locations":[{"start":{"line":180,"column":10},"end":{"line":183,"column":11}},{"start":{},"end":{}}],"line":180},"13":{"loc":{"start":{"line":218,"column":6},"end":{"line":220,"column":7}},"type":"if","locations":[{"start":{"line":218,"column":6},"end":{"line":220,"column":7}},{"start":{},"end":{}}],"line":218},"14":{"loc":{"start":{"line":233,"column":4},"end":{"line":257,"column":5}},"type":"if","locations":[{"start":{"line":233,"column":4},"end":{"line":257,"column":5}},{"start":{"line":254,"column":11},"end":{"line":257,"column":5}}],"line":233},"15":{"loc":{"start":{"line":233,"column":8},"end":{"line":233,"column":64}},"type":"binary-expr","locations":[{"start":{"line":233,"column":8},"end":{"line":233,"column":34}},{"start":{"line":233,"column":38},"end":{"line":233,"column":64}}],"line":233},"16":{"loc":{"start":{"line":238,"column":6},"end":{"line":253,"column":7}},"type":"if","locations":[{"start":{"line":238,"column":6},"end":{"line":253,"column":7}},{"start":{},"end":{}}],"line":238},"17":{"loc":{"start":{"line":266,"column":4},"end":{"line":278,"column":5}},"type":"if","locations":[{"start":{"line":266,"column":4},"end":{"line":278,"column":5}},{"start":{},"end":{}}],"line":266},"18":{"loc":{"start":{"line":289,"column":8},"end":{"line":294,"column":9}},"type":"if","locations":[{"start":{"line":289,"column":8},"end":{"line":294,"column":9}},{"start":{},"end":{}}],"line":289},"19":{"loc":{"start":{"line":295,"column":8},"end":{"line":320,"column":9}},"type":"if","locations":[{"start":{"line":295,"column":8},"end":{"line":320,"column":9}},{"start":{"line":300,"column":15},"end":{"line":320,"column":9}}],"line":295},"20":{"loc":{"start":{"line":356,"column":6},"end":{"line":358,"column":7}},"type":"if","locations":[{"start":{"line":356,"column":6},"end":{"line":358,"column":7}},{"start":{},"end":{}}],"line":356},"21":{"loc":{"start":{"line":376,"column":6},"end":{"line":396,"column":7}},"type":"if","locations":[{"start":{"line":376,"column":6},"end":{"line":396,"column":7}},{"start":{"line":394,"column":13},"end":{"line":396,"column":7}}],"line":376},"22":{"loc":{"start":{"line":404,"column":4},"end":{"line":407,"column":5}},"type":"if","locations":[{"start":{"line":404,"column":4},"end":{"line":407,"column":5}},{"start":{},"end":{}}],"line":404},"23":{"loc":{"start":{"line":404,"column":8},"end":{"line":404,"column":46}},"type":"binary-expr","locations":[{"start":{"line":404,"column":8},"end":{"line":404,"column":21}},{"start":{"line":404,"column":25},"end":{"line":404,"column":46}}],"line":404},"24":{"loc":{"start":{"line":414,"column":4},"end":{"line":416,"column":5}},"type":"if","locations":[{"start":{"line":414,"column":4},"end":{"line":416,"column":5}},{"start":{},"end":{}}],"line":414},"25":{"loc":{"start":{"line":432,"column":6},"end":{"line":441,"column":7}},"type":"if","locations":[{"start":{"line":432,"column":6},"end":{"line":441,"column":7}},{"start":{"line":438,"column":13},"end":{"line":441,"column":7}}],"line":432},"26":{"loc":{"start":{"line":473,"column":8},"end":{"line":482,"column":9}},"type":"if","locations":[{"start":{"line":473,"column":8},"end":{"line":482,"column":9}},{"start":{"line":476,"column":15},"end":{"line":482,"column":9}}],"line":473},"27":{"loc":{"start":{"line":476,"column":15},"end":{"line":482,"column":9}},"type":"if","locations":[{"start":{"line":476,"column":15},"end":{"line":482,"column":9}},{"start":{"line":479,"column":15},"end":{"line":482,"column":9}}],"line":476},"28":{"loc":{"start":{"line":476,"column":19},"end":{"line":476,"column":65}},"type":"binary-expr","locations":[{"start":{"line":476,"column":19},"end":{"line":476,"column":40}},{"start":{"line":476,"column":44},"end":{"line":476,"column":65}}],"line":476},"29":{"loc":{"start":{"line":488,"column":7},"end":{"line":488,"column":46}},"type":"binary-expr","locations":[{"start":{"line":488,"column":7},"end":{"line":488,"column":18}},{"start":{"line":488,"column":22},"end":{"line":488,"column":46}}],"line":488},"30":{"loc":{"start":{"line":489,"column":7},"end":{"line":628,"column":7}},"type":"binary-expr","locations":[{"start":{"line":489,"column":7},"end":{"line":489,"column":17}},{"start":{"line":490,"column":8},"end":{"line":627,"column":14}}],"line":489},"31":{"loc":{"start":{"line":491,"column":11},"end":{"line":491,"column":66}},"type":"binary-expr","locations":[{"start":{"line":491,"column":11},"end":{"line":491,"column":16}},{"start":{"line":491,"column":20},"end":{"line":491,"column":66}}],"line":491},"32":{"loc":{"start":{"line":492,"column":11},"end":{"line":492,"column":75}},"type":"binary-expr","locations":[{"start":{"line":492,"column":11},"end":{"line":492,"column":18}},{"start":{"line":492,"column":22},"end":{"line":492,"column":75}}],"line":492},"33":{"loc":{"start":{"line":527,"column":17},"end":{"line":539,"column":17}},"type":"binary-expr","locations":[{"start":{"line":527,"column":17},"end":{"line":527,"column":39}},{"start":{"line":528,"column":18},"end":{"line":538,"column":20}}],"line":527},"34":{"loc":{"start":{"line":540,"column":17},"end":{"line":558,"column":17}},"type":"binary-expr","locations":[{"start":{"line":540,"column":17},"end":{"line":540,"column":42}},{"start":{"line":541,"column":18},"end":{"line":557,"column":20}}],"line":540},"35":{"loc":{"start":{"line":561,"column":13},"end":{"line":625,"column":13}},"type":"binary-expr","locations":[{"start":{"line":561,"column":13},"end":{"line":561,"column":35}},{"start":{"line":562,"column":14},"end":{"line":624,"column":20}}],"line":561}},"s":{"0":1,"1":5,"2":5,"3":5,"4":5,"5":5,"6":5,"7":5,"8":5,"9":5,"10":5,"11":5,"12":5,"13":5,"14":5,"15":5,"16":5,"17":5,"18":5,"19":5,"20":5,"21":5,"22":5,"23":5,"24":5,"25":5,"26":5,"27":5,"28":5,"29":5,"30":5,"31":5,"32":3,"33":3,"34":2,"35":2,"36":2,"37":2,"38":2,"39":2,"40":2,"41":5,"42":3,"43":2,"44":2,"45":2,"46":5,"47":0,"48":0,"49":0,"50":0,"51":0,"52":0,"53":0,"54":0,"55":0,"56":0,"57":0,"58":0,"59":0,"60":0,"61":0,"62":0,"63":0,"64":0,"65":0,"66":0,"67":0,"68":0,"69":0,"70":0,"71":0,"72":0,"73":0,"74":0,"75":0,"76":0,"77":0,"78":0,"79":0,"80":0,"81":0,"82":0,"83":0,"84":0,"85":5,"86":0,"87":0,"88":0,"89":0,"90":0,"91":0,"92":0,"93":0,"94":0,"95":0,"96":0,"97":0,"98":0,"99":0,"100":0,"101":0,"102":0,"103":0,"104":5,"105":4,"106":0,"107":0,"108":0,"109":5,"110":0,"111":0,"112":0,"113":0,"114":0,"115":0,"116":0,"117":0,"118":0,"119":0,"120":5,"121":0,"122":0,"123":0,"124":0,"125":0,"126":0,"127":0,"128":0,"129":0,"130":0,"131":0,"132":0,"133":0,"134":0,"135":5,"136":0,"137":0,"138":0,"139":0,"140":0,"141":0,"142":0,"143":0,"144":0,"145":5,"146":0,"147":0,"148":0,"149":0,"150":0,"151":0,"152":0,"153":0,"154":0,"155":0,"156":0,"157":0,"158":0,"159":0,"160":0,"161":0,"162":0,"163":0,"164":0,"165":0,"166":0,"167":0,"168":0,"169":5,"170":2,"171":0,"172":0,"173":0,"174":5,"175":0,"176":0,"177":0,"178":0,"179":0,"180":0,"181":0,"182":0,"183":0,"184":0,"185":0,"186":0,"187":0,"188":0,"189":5,"190":0,"191":0,"192":0,"193":0,"194":0,"195":0,"196":0,"197":0,"198":0,"199":0,"200":0,"201":0,"202":0,"203":0,"204":0,"205":0,"206":0,"207":5,"208":0,"209":0,"210":0,"211":0,"212":0,"213":0,"214":0,"215":0,"216":0,"217":0,"218":0,"219":0,"220":0,"221":0,"222":0,"223":0,"224":0,"225":5,"226":0,"227":5,"228":0,"229":5,"230":4,"231":4,"232":0,"233":0,"234":0,"235":0,"236":0,"237":0,"238":0,"239":0,"240":0,"241":5,"242":0,"243":0},"f":{"0":5,"1":3,"2":3,"3":0,"4":0,"5":0,"6":0,"7":0,"8":0,"9":0,"10":0,"11":0,"12":0,"13":0,"14":0,"15":0,"16":0,"17":0,"18":0,"19":0,"20":4,"21":0,"22":0,"23":0,"24":0,"25":0,"26":0,"27":0,"28":0,"29":0,"30":0,"31":0,"32":0,"33":0,"34":0,"35":0,"36":0,"37":0,"38":0,"39":0,"40":0,"41":0,"42":0,"43":0,"44":0,"45":2,"46":0,"47":0,"48":0,"49":0,"50":0,"51":0,"52":0,"53":0,"54":0,"55":0,"56":0,"57":0,"58":0,"59":0,"60":0,"61":0,"62":4,"63":0,"64":0,"65":0},"b":{"0":[2,1],"1":[5,5],"2":[2,1],"3":[0,0],"4":[0,0],"5":[0,0],"6":[0,0],"7":[0,0],"8":[0,0],"9":[0,0],"10":[0,0],"11":[0,0],"12":[0,0],"13":[0,0],"14":[0,0],"15":[0,0],"16":[0,0],"17":[0,0],"18":[0,0],"19":[0,0],"20":[0,0],"21":[0,0],"22":[0,0],"23":[0,0],"24":[0,0],"25":[0,0],"26":[0,0],"27":[0,0],"28":[0,0],"29":[5,1],"30":[5,4],"31":[4,0],"32":[4,0],"33":[4,0],"34":[4,0],"35":[4,0]},"_coverageSchema":"1a1c01bbd47fc00a2c39e90264f33305004495a9","hash":"e01ca154719811464a9e71f6260dd818447c271f"}
,"/home/oskarruo/ohtu/klusteri-website/frontend/src/pages/privacypolicy.jsx": {"path":"/home/oskarruo/ohtu/klusteri-website/frontend/src/pages/privacypolicy.jsx","statementMap":{"0":{"start":{"line":4,"column":22},"end":{"line":124,"column":1}},"1":{"start":{"line":5,"column":2},"end":{"line":123,"column":4}}},"fnMap":{"0":{"name":"(anonymous_0)","decl":{"start":{"line":4,"column":22},"end":{"line":4,"column":23}},"loc":{"start":{"line":4,"column":28},"end":{"line":124,"column":1}},"line":4}},"branchMap":{},"s":{"0":1,"1":1},"f":{"0":1},"b":{},"_coverageSchema":"1a1c01bbd47fc00a2c39e90264f33305004495a9","hash":"2bfd3f671f4834aee302e3f01938f7334908b92f"}
,"/home/oskarruo/ohtu/klusteri-website/frontend/src/pages/reservations.jsx": {"path":"/home/oskarruo/ohtu/klusteri-website/frontend/src/pages/reservations.jsx","statementMap":{"0":{"start":{"line":10,"column":16},"end":{"line":10,"column":35}},"1":{"start":{"line":13,"column":0},"end":{"line":17,"column":3}},"2":{"start":{"line":19,"column":18},"end":{"line":19,"column":41}},"3":{"start":{"line":21,"column":0},"end":{"line":21,"column":20}},"4":{"start":{"line":24,"column":19},"end":{"line":273,"column":1}},"5":{"start":{"line":26,"column":30},"end":{"line":26,"column":42}},"6":{"start":{"line":27,"column":42},"end":{"line":27,"column":56}},"7":{"start":{"line":28,"column":44},"end":{"line":28,"column":58}},"8":{"start":{"line":29,"column":42},"end":{"line":39,"column":4}},"9":{"start":{"line":41,"column":48},"end":{"line":41,"column":63}},"10":{"start":{"line":42,"column":44},"end":{"line":42,"column":59}},"11":{"start":{"line":43,"column":19},"end":{"line":43,"column":36}},"12":{"start":{"line":46,"column":2},"end":{"line":48,"column":9}},"13":{"start":{"line":47,"column":4},"end":{"line":47,"column":16}},"14":{"start":{"line":50,"column":19},"end":{"line":50,"column":31}},"15":{"start":{"line":51,"column":17},"end":{"line":51,"column":29}},"16":{"start":{"line":54,"column":20},"end":{"line":64,"column":3}},"17":{"start":{"line":55,"column":4},"end":{"line":63,"column":9}},"18":{"start":{"line":58,"column":23},"end":{"line":58,"column":36}},"19":{"start":{"line":59,"column":8},"end":{"line":59,"column":26}},"20":{"start":{"line":62,"column":8},"end":{"line":62,"column":63}},"21":{"start":{"line":67,"column":27},"end":{"line":74,"column":3}},"22":{"start":{"line":68,"column":4},"end":{"line":73,"column":5}},"23":{"start":{"line":69,"column":6},"end":{"line":69,"column":38}},"24":{"start":{"line":70,"column":6},"end":{"line":70,"column":31}},"25":{"start":{"line":72,"column":6},"end":{"line":72,"column":69}},"26":{"start":{"line":77,"column":2},"end":{"line":86,"column":38}},"27":{"start":{"line":78,"column":4},"end":{"line":85,"column":5}},"28":{"start":{"line":79,"column":6},"end":{"line":81,"column":8}},"29":{"start":{"line":82,"column":6},"end":{"line":84,"column":8}},"30":{"start":{"line":89,"column":28},"end":{"line":92,"column":3}},"31":{"start":{"line":90,"column":4},"end":{"line":90,"column":28}},"32":{"start":{"line":91,"column":4},"end":{"line":91,"column":27}},"33":{"start":{"line":95,"column":28},"end":{"line":98,"column":3}},"34":{"start":{"line":96,"column":28},"end":{"line":96,"column":40}},"35":{"start":{"line":97,"column":4},"end":{"line":97,"column":56}},"36":{"start":{"line":101,"column":25},"end":{"line":189,"column":3}},"37":{"start":{"line":112,"column":8},"end":{"line":112,"column":20}},"38":{"start":{"line":113,"column":22},"end":{"line":113,"column":35}},"39":{"start":{"line":114,"column":20},"end":{"line":114,"column":31}},"40":{"start":{"line":115,"column":21},"end":{"line":115,"column":71}},"41":{"start":{"line":116,"column":17},"end":{"line":116,"column":50}},"42":{"start":{"line":118,"column":4},"end":{"line":121,"column":5}},"43":{"start":{"line":119,"column":6},"end":{"line":119,"column":58}},"44":{"start":{"line":120,"column":6},"end":{"line":120,"column":13}},"45":{"start":{"line":122,"column":4},"end":{"line":188,"column":5}},"46":{"start":{"line":133,"column":29},"end":{"line":143,"column":8}},"47":{"start":{"line":134,"column":8},"end":{"line":142,"column":10}},"48":{"start":{"line":145,"column":6},"end":{"line":148,"column":7}},"49":{"start":{"line":146,"column":8},"end":{"line":146,"column":61}},"50":{"start":{"line":147,"column":8},"end":{"line":147,"column":15}},"51":{"start":{"line":150,"column":23},"end":{"line":160,"column":7}},"52":{"start":{"line":163,"column":6},"end":{"line":185,"column":11}},"53":{"start":{"line":166,"column":10},"end":{"line":166,"column":63}},"54":{"start":{"line":167,"column":31},"end":{"line":167,"column":68}},"55":{"start":{"line":168,"column":10},"end":{"line":168,"column":47}},"56":{"start":{"line":169,"column":10},"end":{"line":169,"column":36}},"57":{"start":{"line":170,"column":10},"end":{"line":180,"column":13}},"58":{"start":{"line":183,"column":10},"end":{"line":183,"column":52}},"59":{"start":{"line":184,"column":10},"end":{"line":184,"column":67}},"60":{"start":{"line":187,"column":6},"end":{"line":187,"column":64}},"61":{"start":{"line":192,"column":28},"end":{"line":207,"column":3}},"62":{"start":{"line":193,"column":4},"end":{"line":193,"column":31}},"63":{"start":{"line":194,"column":4},"end":{"line":206,"column":5}},"64":{"start":{"line":195,"column":6},"end":{"line":203,"column":11}},"65":{"start":{"line":198,"column":10},"end":{"line":198,"column":61}},"66":{"start":{"line":199,"column":10},"end":{"line":199,"column":68}},"67":{"start":{"line":199,"column":45},"end":{"line":199,"column":65}},"68":{"start":{"line":202,"column":10},"end":{"line":202,"column":66}},"69":{"start":{"line":205,"column":6},"end":{"line":205,"column":30}},"70":{"start":{"line":209,"column":27},"end":{"line":212,"column":3}},"71":{"start":{"line":210,"column":4},"end":{"line":210,"column":30}},"72":{"start":{"line":211,"column":4},"end":{"line":211,"column":28}},"73":{"start":{"line":215,"column":33},"end":{"line":228,"column":3}},"74":{"start":{"line":216,"column":4},"end":{"line":216,"column":26}},"75":{"start":{"line":217,"column":4},"end":{"line":217,"column":29}},"76":{"start":{"line":218,"column":4},"end":{"line":227,"column":7}},"77":{"start":{"line":230,"column":56},"end":{"line":230,"column":68}},"78":{"start":{"line":231,"column":62},"end":{"line":231,"column":74}},"79":{"start":{"line":234,"column":2},"end":{"line":249,"column":9}},"80":{"start":{"line":235,"column":34},"end":{"line":246,"column":5}},"81":{"start":{"line":236,"column":6},"end":{"line":245,"column":7}},"82":{"start":{"line":237,"column":25},"end":{"line":239,"column":9}},"83":{"start":{"line":240,"column":8},"end":{"line":240,"column":46}},"84":{"start":{"line":241,"column":23},"end":{"line":241,"column":76}},"85":{"start":{"line":241,"column":54},"end":{"line":241,"column":75}},"86":{"start":{"line":242,"column":8},"end":{"line":242,"column":42}},"87":{"start":{"line":244,"column":8},"end":{"line":244,"column":64}},"88":{"start":{"line":248,"column":4},"end":{"line":248,"column":28}},"89":{"start":{"line":252,"column":2},"end":{"line":272,"column":4}}},"fnMap":{"0":{"name":"(anonymous_0)","decl":{"start":{"line":24,"column":19},"end":{"line":24,"column":20}},"loc":{"start":{"line":24,"column":25},"end":{"line":273,"column":1}},"line":24},"1":{"name":"(anonymous_1)","decl":{"start":{"line":46,"column":12},"end":{"line":46,"column":13}},"loc":{"start":{"line":46,"column":18},"end":{"line":48,"column":3}},"line":46},"2":{"name":"(anonymous_2)","decl":{"start":{"line":54,"column":20},"end":{"line":54,"column":21}},"loc":{"start":{"line":54,"column":26},"end":{"line":64,"column":3}},"line":54},"3":{"name":"(anonymous_3)","decl":{"start":{"line":57,"column":12},"end":{"line":57,"column":13}},"loc":{"start":{"line":57,"column":26},"end":{"line":60,"column":7}},"line":57},"4":{"name":"(anonymous_4)","decl":{"start":{"line":61,"column":13},"end":{"line":61,"column":14}},"loc":{"start":{"line":61,"column":24},"end":{"line":63,"column":7}},"line":61},"5":{"name":"(anonymous_5)","decl":{"start":{"line":67,"column":27},"end":{"line":67,"column":28}},"loc":{"start":{"line":67,"column":47},"end":{"line":74,"column":3}},"line":67},"6":{"name":"(anonymous_6)","decl":{"start":{"line":77,"column":12},"end":{"line":77,"column":13}},"loc":{"start":{"line":77,"column":18},"end":{"line":86,"column":3}},"line":77},"7":{"name":"(anonymous_7)","decl":{"start":{"line":89,"column":28},"end":{"line":89,"column":29}},"loc":{"start":{"line":89,"column":39},"end":{"line":92,"column":3}},"line":89},"8":{"name":"(anonymous_8)","decl":{"start":{"line":95,"column":28},"end":{"line":95,"column":29}},"loc":{"start":{"line":95,"column":39},"end":{"line":98,"column":3}},"line":95},"9":{"name":"(anonymous_9)","decl":{"start":{"line":101,"column":25},"end":{"line":101,"column":26}},"loc":{"start":{"line":101,"column":31},"end":{"line":189,"column":3}},"line":101},"10":{"name":"(anonymous_10)","decl":{"start":{"line":133,"column":41},"end":{"line":133,"column":42}},"loc":{"start":{"line":133,"column":52},"end":{"line":143,"column":7}},"line":133},"11":{"name":"(anonymous_11)","decl":{"start":{"line":165,"column":14},"end":{"line":165,"column":15}},"loc":{"start":{"line":165,"column":28},"end":{"line":181,"column":9}},"line":165},"12":{"name":"(anonymous_12)","decl":{"start":{"line":182,"column":15},"end":{"line":182,"column":16}},"loc":{"start":{"line":182,"column":26},"end":{"line":185,"column":9}},"line":182},"13":{"name":"(anonymous_13)","decl":{"start":{"line":192,"column":28},"end":{"line":192,"column":29}},"loc":{"start":{"line":192,"column":41},"end":{"line":207,"column":3}},"line":192},"14":{"name":"(anonymous_14)","decl":{"start":{"line":197,"column":14},"end":{"line":197,"column":15}},"loc":{"start":{"line":197,"column":28},"end":{"line":200,"column":9}},"line":197},"15":{"name":"(anonymous_15)","decl":{"start":{"line":199,"column":34},"end":{"line":199,"column":35}},"loc":{"start":{"line":199,"column":45},"end":{"line":199,"column":65}},"line":199},"16":{"name":"(anonymous_16)","decl":{"start":{"line":201,"column":15},"end":{"line":201,"column":16}},"loc":{"start":{"line":201,"column":26},"end":{"line":203,"column":9}},"line":201},"17":{"name":"(anonymous_17)","decl":{"start":{"line":209,"column":27},"end":{"line":209,"column":28}},"loc":{"start":{"line":209,"column":33},"end":{"line":212,"column":3}},"line":209},"18":{"name":"(anonymous_18)","decl":{"start":{"line":215,"column":33},"end":{"line":215,"column":34}},"loc":{"start":{"line":215,"column":39},"end":{"line":228,"column":3}},"line":215},"19":{"name":"(anonymous_19)","decl":{"start":{"line":234,"column":12},"end":{"line":234,"column":13}},"loc":{"start":{"line":234,"column":18},"end":{"line":249,"column":3}},"line":234},"20":{"name":"(anonymous_20)","decl":{"start":{"line":235,"column":34},"end":{"line":235,"column":35}},"loc":{"start":{"line":235,"column":46},"end":{"line":246,"column":5}},"line":235},"21":{"name":"(anonymous_21)","decl":{"start":{"line":241,"column":44},"end":{"line":241,"column":45}},"loc":{"start":{"line":241,"column":54},"end":{"line":241,"column":75}},"line":241}},"branchMap":{"0":{"loc":{"start":{"line":68,"column":4},"end":{"line":73,"column":5}},"type":"if","locations":[{"start":{"line":68,"column":4},"end":{"line":73,"column":5}},{"start":{"line":71,"column":11},"end":{"line":73,"column":5}}],"line":68},"1":{"loc":{"start":{"line":78,"column":4},"end":{"line":85,"column":5}},"type":"if","locations":[{"start":{"line":78,"column":4},"end":{"line":85,"column":5}},{"start":{},"end":{}}],"line":78},"2":{"loc":{"start":{"line":78,"column":8},"end":{"line":78,"column":39}},"type":"binary-expr","locations":[{"start":{"line":78,"column":8},"end":{"line":78,"column":23}},{"start":{"line":78,"column":27},"end":{"line":78,"column":39}}],"line":78},"3":{"loc":{"start":{"line":116,"column":17},"end":{"line":116,"column":50}},"type":"cond-expr","locations":[{"start":{"line":116,"column":38},"end":{"line":116,"column":42}},{"start":{"line":116,"column":45},"end":{"line":116,"column":50}}],"line":116},"4":{"loc":{"start":{"line":118,"column":4},"end":{"line":121,"column":5}},"type":"if","locations":[{"start":{"line":118,"column":4},"end":{"line":121,"column":5}},{"start":{},"end":{}}],"line":118},"5":{"loc":{"start":{"line":122,"column":4},"end":{"line":188,"column":5}},"type":"if","locations":[{"start":{"line":122,"column":4},"end":{"line":188,"column":5}},{"start":{"line":186,"column":11},"end":{"line":188,"column":5}}],"line":122},"6":{"loc":{"start":{"line":123,"column":6},"end":{"line":130,"column":9}},"type":"binary-expr","locations":[{"start":{"line":123,"column":6},"end":{"line":123,"column":11}},{"start":{"line":124,"column":6},"end":{"line":124,"column":15}},{"start":{"line":125,"column":6},"end":{"line":125,"column":17}},{"start":{"line":126,"column":6},"end":{"line":126,"column":17}},{"start":{"line":127,"column":7},"end":{"line":127,"column":25}},{"start":{"line":127,"column":29},"end":{"line":127,"column":50}},{"start":{"line":128,"column":6},"end":{"line":128,"column":10}},{"start":{"line":129,"column":6},"end":{"line":129,"column":11}},{"start":{"line":130,"column":6},"end":{"line":130,"column":9}}],"line":123},"7":{"loc":{"start":{"line":135,"column":10},"end":{"line":141,"column":52}},"type":"binary-expr","locations":[{"start":{"line":135,"column":10},"end":{"line":135,"column":29}},{"start":{"line":136,"column":12},"end":{"line":136,"column":52}},{"start":{"line":137,"column":12},"end":{"line":137,"column":45}},{"start":{"line":138,"column":13},"end":{"line":138,"column":51}},{"start":{"line":139,"column":14},"end":{"line":139,"column":45}},{"start":{"line":140,"column":13},"end":{"line":140,"column":48}},{"start":{"line":141,"column":14},"end":{"line":141,"column":50}}],"line":135},"8":{"loc":{"start":{"line":145,"column":6},"end":{"line":148,"column":7}},"type":"if","locations":[{"start":{"line":145,"column":6},"end":{"line":148,"column":7}},{"start":{},"end":{}}],"line":145},"9":{"loc":{"start":{"line":194,"column":4},"end":{"line":206,"column":5}},"type":"if","locations":[{"start":{"line":194,"column":4},"end":{"line":206,"column":5}},{"start":{"line":204,"column":11},"end":{"line":206,"column":5}}],"line":194}},"s":{"0":1,"1":1,"2":1,"3":1,"4":1,"5":5,"6":4,"7":4,"8":4,"9":4,"10":4,"11":4,"12":4,"13":2,"14":4,"15":4,"16":4,"17":2,"18":0,"19":0,"20":0,"21":4,"22":0,"23":0,"24":0,"25":0,"26":4,"27":4,"28":0,"29":0,"30":4,"31":0,"32":0,"33":4,"34":0,"35":0,"36":4,"37":0,"38":0,"39":0,"40":0,"41":0,"42":0,"43":0,"44":0,"45":0,"46":0,"47":0,"48":0,"49":0,"50":0,"51":0,"52":0,"53":0,"54":0,"55":0,"56":0,"57":0,"58":0,"59":0,"60":0,"61":4,"62":0,"63":0,"64":0,"65":0,"66":0,"67":0,"68":0,"69":0,"70":4,"71":1,"72":1,"73":4,"74":1,"75":1,"76":1,"77":4,"78":4,"79":4,"80":2,"81":2,"82":2,"83":2,"84":2,"85":0,"86":0,"87":2,"88":2,"89":4},"f":{"0":5,"1":2,"2":2,"3":0,"4":0,"5":0,"6":4,"7":0,"8":0,"9":0,"10":0,"11":0,"12":0,"13":0,"14":0,"15":0,"16":0,"17":1,"18":1,"19":2,"20":2,"21":0},"b":{"0":[0,0],"1":[0,4],"2":[4,1],"3":[0,0],"4":[0,0],"5":[0,0],"6":[0,0,0,0,0,0,0,0,0],"7":[0,0,0,0,0,0,0],"8":[0,0],"9":[0,0]},"_coverageSchema":"1a1c01bbd47fc00a2c39e90264f33305004495a9","hash":"2caaa8bf9cb6e81123fc1c5f77453c6023be58d7"}
,"/home/oskarruo/ohtu/klusteri-website/frontend/src/pages/rules_instructions.jsx": {"path":"/home/oskarruo/ohtu/klusteri-website/frontend/src/pages/rules_instructions.jsx","statementMap":{"0":{"start":{"line":3,"column":31},"end":{"line":618,"column":1}},"1":{"start":{"line":4,"column":36},"end":{"line":4,"column":51}},"2":{"start":{"line":5,"column":52},"end":{"line":5,"column":67}},"3":{"start":{"line":6,"column":48},"end":{"line":6,"column":63}},"4":{"start":{"line":8,"column":22},"end":{"line":12,"column":3}},"5":{"start":{"line":9,"column":4},"end":{"line":9,"column":23}},"6":{"start":{"line":10,"column":4},"end":{"line":10,"column":32}},"7":{"start":{"line":11,"column":4},"end":{"line":11,"column":30}},"8":{"start":{"line":14,"column":34},"end":{"line":18,"column":3}},"9":{"start":{"line":15,"column":4},"end":{"line":15,"column":24}},"10":{"start":{"line":16,"column":4},"end":{"line":16,"column":31}},"11":{"start":{"line":17,"column":4},"end":{"line":17,"column":30}},"12":{"start":{"line":20,"column":32},"end":{"line":24,"column":3}},"13":{"start":{"line":21,"column":4},"end":{"line":21,"column":24}},"14":{"start":{"line":22,"column":4},"end":{"line":22,"column":32}},"15":{"start":{"line":23,"column":4},"end":{"line":23,"column":29}},"16":{"start":{"line":26,"column":22},"end":{"line":30,"column":3}},"17":{"start":{"line":27,"column":4},"end":{"line":27,"column":24}},"18":{"start":{"line":28,"column":4},"end":{"line":28,"column":32}},"19":{"start":{"line":29,"column":4},"end":{"line":29,"column":30}},"20":{"start":{"line":32,"column":2},"end":{"line":617,"column":4}}},"fnMap":{"0":{"name":"(anonymous_0)","decl":{"start":{"line":3,"column":31},"end":{"line":3,"column":32}},"loc":{"start":{"line":3,"column":37},"end":{"line":618,"column":1}},"line":3},"1":{"name":"(anonymous_1)","decl":{"start":{"line":8,"column":22},"end":{"line":8,"column":23}},"loc":{"start":{"line":8,"column":28},"end":{"line":12,"column":3}},"line":8},"2":{"name":"(anonymous_2)","decl":{"start":{"line":14,"column":34},"end":{"line":14,"column":35}},"loc":{"start":{"line":14,"column":40},"end":{"line":18,"column":3}},"line":14},"3":{"name":"(anonymous_3)","decl":{"start":{"line":20,"column":32},"end":{"line":20,"column":33}},"loc":{"start":{"line":20,"column":38},"end":{"line":24,"column":3}},"line":20},"4":{"name":"(anonymous_4)","decl":{"start":{"line":26,"column":22},"end":{"line":26,"column":23}},"loc":{"start":{"line":26,"column":28},"end":{"line":30,"column":3}},"line":26}},"branchMap":{"0":{"loc":{"start":{"line":43,"column":7},"end":{"line":57,"column":7}},"type":"cond-expr","locations":[{"start":{"line":44,"column":8},"end":{"line":44,"column":52}},{"start":{"line":46,"column":8},"end":{"line":56,"column":14}}],"line":43},"1":{"loc":{"start":{"line":43,"column":7},"end":{"line":43,"column":56}},"type":"binary-expr","locations":[{"start":{"line":43,"column":7},"end":{"line":43,"column":16}},{"start":{"line":43,"column":20},"end":{"line":43,"column":37}},{"start":{"line":43,"column":41},"end":{"line":43,"column":56}}],"line":43},"2":{"loc":{"start":{"line":58,"column":7},"end":{"line":438,"column":7}},"type":"binary-expr","locations":[{"start":{"line":58,"column":7},"end":{"line":58,"column":16}},{"start":{"line":59,"column":8},"end":{"line":437,"column":14}}],"line":58},"3":{"loc":{"start":{"line":439,"column":7},"end":{"line":519,"column":7}},"type":"binary-expr","locations":[{"start":{"line":439,"column":7},"end":{"line":439,"column":24}},{"start":{"line":440,"column":8},"end":{"line":518,"column":14}}],"line":439},"4":{"loc":{"start":{"line":521,"column":7},"end":{"line":615,"column":7}},"type":"binary-expr","locations":[{"start":{"line":521,"column":7},"end":{"line":521,"column":22}},{"start":{"line":522,"column":8},"end":{"line":614,"column":14}}],"line":521}},"s":{"0":1,"1":8,"2":8,"3":8,"4":8,"5":1,"6":1,"7":1,"8":8,"9":1,"10":1,"11":1,"12":8,"13":1,"14":1,"15":1,"16":8,"17":1,"18":1,"19":1,"20":8},"f":{"0":8,"1":1,"2":1,"3":1,"4":1},"b":{"0":[3,5],"1":[8,7,6],"2":[8,1],"3":[8,1],"4":[8,1]},"_coverageSchema":"1a1c01bbd47fc00a2c39e90264f33305004495a9","hash":"24dfe7120602c16d26b525c18751198cc1b9223e"}
}
