{"/home/peltlaur/Asiakirjat/klusteri-website/frontend/src/pages/createpage.jsx": {"path":"/home/peltlaur/Asiakirjat/klusteri-website/frontend/src/pages/createpage.jsx","statementMap":{"0":{"start":{"line":6,"column":23},"end":{"line":133,"column":1}},"1":{"start":{"line":7,"column":34},"end":{"line":7,"column":46}},"2":{"start":{"line":8,"column":34},"end":{"line":8,"column":46}},"3":{"start":{"line":9,"column":28},"end":{"line":9,"column":40}},"4":{"start":{"line":10,"column":34},"end":{"line":10,"column":46}},"5":{"start":{"line":11,"column":48},"end":{"line":11,"column":60}},"6":{"start":{"line":12,"column":44},"end":{"line":12,"column":59}},"7":{"start":{"line":13,"column":44},"end":{"line":13,"column":59}},"8":{"start":{"line":14,"column":28},"end":{"line":14,"column":40}},"9":{"start":{"line":16,"column":30},"end":{"line":55,"column":3}},"10":{"start":{"line":21,"column":4},"end":{"line":24,"column":5}},"11":{"start":{"line":22,"column":6},"end":{"line":22,"column":99}},"12":{"start":{"line":23,"column":6},"end":{"line":23,"column":13}},"13":{"start":{"line":30,"column":4},"end":{"line":33,"column":5}},"14":{"start":{"line":31,"column":6},"end":{"line":31,"column":42}},"15":{"start":{"line":32,"column":6},"end":{"line":32,"column":13}},"16":{"start":{"line":39,"column":4},"end":{"line":42,"column":5}},"17":{"start":{"line":40,"column":6},"end":{"line":40,"column":59}},"18":{"start":{"line":41,"column":6},"end":{"line":41,"column":13}},"19":{"start":{"line":47,"column":23},"end":{"line":47,"column":71}},"20":{"start":{"line":49,"column":4},"end":{"line":53,"column":7}},"21":{"start":{"line":50,"column":6},"end":{"line":50,"column":28}},"22":{"start":{"line":51,"column":6},"end":{"line":51,"column":51}},"23":{"start":{"line":52,"column":6},"end":{"line":52,"column":45}},"24":{"start":{"line":54,"column":4},"end":{"line":54,"column":27}},"25":{"start":{"line":57,"column":28},"end":{"line":59,"column":3}},"26":{"start":{"line":58,"column":4},"end":{"line":58,"column":27}},"27":{"start":{"line":61,"column":30},"end":{"line":63,"column":3}},"28":{"start":{"line":62,"column":4},"end":{"line":62,"column":46}},"29":{"start":{"line":62,"column":34},"end":{"line":62,"column":44}},"30":{"start":{"line":65,"column":21},"end":{"line":128,"column":3}},"31":{"start":{"line":66,"column":4},"end":{"line":127,"column":10}},"32":{"start":{"line":76,"column":31},"end":{"line":76,"column":58}},"33":{"start":{"line":84,"column":31},"end":{"line":84,"column":58}},"34":{"start":{"line":92,"column":31},"end":{"line":92,"column":65}},"35":{"start":{"line":106,"column":31},"end":{"line":106,"column":55}},"36":{"start":{"line":114,"column":31},"end":{"line":114,"column":58}},"37":{"start":{"line":130,"column":2},"end":{"line":132,"column":4}}},"fnMap":{"0":{"name":"(anonymous_0)","decl":{"start":{"line":6,"column":23},"end":{"line":6,"column":24}},"loc":{"start":{"line":6,"column":49},"end":{"line":133,"column":1}},"line":6},"1":{"name":"(anonymous_1)","decl":{"start":{"line":16,"column":30},"end":{"line":16,"column":31}},"loc":{"start":{"line":16,"column":36},"end":{"line":55,"column":3}},"line":16},"2":{"name":"(anonymous_2)","decl":{"start":{"line":49,"column":64},"end":{"line":49,"column":65}},"loc":{"start":{"line":49,"column":76},"end":{"line":53,"column":5}},"line":49},"3":{"name":"(anonymous_3)","decl":{"start":{"line":57,"column":28},"end":{"line":57,"column":29}},"loc":{"start":{"line":57,"column":34},"end":{"line":59,"column":3}},"line":57},"4":{"name":"(anonymous_4)","decl":{"start":{"line":61,"column":30},"end":{"line":61,"column":31}},"loc":{"start":{"line":61,"column":36},"end":{"line":63,"column":3}},"line":61},"5":{"name":"(anonymous_5)","decl":{"start":{"line":62,"column":21},"end":{"line":62,"column":22}},"loc":{"start":{"line":62,"column":34},"end":{"line":62,"column":44}},"line":62},"6":{"name":"(anonymous_6)","decl":{"start":{"line":65,"column":21},"end":{"line":65,"column":22}},"loc":{"start":{"line":66,"column":4},"end":{"line":127,"column":10}},"line":66},"7":{"name":"(anonymous_7)","decl":{"start":{"line":76,"column":24},"end":{"line":76,"column":25}},"loc":{"start":{"line":76,"column":31},"end":{"line":76,"column":58}},"line":76},"8":{"name":"(anonymous_8)","decl":{"start":{"line":84,"column":24},"end":{"line":84,"column":25}},"loc":{"start":{"line":84,"column":31},"end":{"line":84,"column":58}},"line":84},"9":{"name":"(anonymous_9)","decl":{"start":{"line":92,"column":24},"end":{"line":92,"column":25}},"loc":{"start":{"line":92,"column":31},"end":{"line":92,"column":65}},"line":92},"10":{"name":"(anonymous_10)","decl":{"start":{"line":106,"column":24},"end":{"line":106,"column":25}},"loc":{"start":{"line":106,"column":31},"end":{"line":106,"column":55}},"line":106},"11":{"name":"(anonymous_11)","decl":{"start":{"line":114,"column":24},"end":{"line":114,"column":25}},"loc":{"start":{"line":114,"column":31},"end":{"line":114,"column":58}},"line":114}},"branchMap":{"0":{"loc":{"start":{"line":21,"column":4},"end":{"line":24,"column":5}},"type":"if","locations":[{"start":{"line":21,"column":4},"end":{"line":24,"column":5}},{"start":{},"end":{}}],"line":21},"1":{"loc":{"start":{"line":21,"column":8},"end":{"line":21,"column":60}},"type":"binary-expr","locations":[{"start":{"line":21,"column":8},"end":{"line":21,"column":17}},{"start":{"line":21,"column":21},"end":{"line":21,"column":30}},{"start":{"line":21,"column":34},"end":{"line":21,"column":40}},{"start":{"line":21,"column":44},"end":{"line":21,"column":60}}],"line":21},"2":{"loc":{"start":{"line":30,"column":4},"end":{"line":33,"column":5}},"type":"if","locations":[{"start":{"line":30,"column":4},"end":{"line":33,"column":5}},{"start":{},"end":{}}],"line":30},"3":{"loc":{"start":{"line":39,"column":4},"end":{"line":42,"column":5}},"type":"if","locations":[{"start":{"line":39,"column":4},"end":{"line":42,"column":5}},{"start":{},"end":{}}],"line":39},"4":{"loc":{"start":{"line":39,"column":8},"end":{"line":39,"column":51}},"type":"binary-expr","locations":[{"start":{"line":39,"column":8},"end":{"line":39,"column":27}},{"start":{"line":39,"column":31},"end":{"line":39,"column":51}}],"line":39},"5":{"loc":{"start":{"line":52,"column":6},"end":{"line":52,"column":44}},"type":"binary-expr","locations":[{"start":{"line":52,"column":6},"end":{"line":52,"column":22}},{"start":{"line":52,"column":26},"end":{"line":52,"column":44}}],"line":52},"6":{"loc":{"start":{"line":69,"column":9},"end":{"line":69,"column":57}},"type":"binary-expr","locations":[{"start":{"line":69,"column":9},"end":{"line":69,"column":14}},{"start":{"line":69,"column":18},"end":{"line":69,"column":57}}],"line":69},"7":{"loc":{"start":{"line":82,"column":20},"end":{"line":82,"column":55}},"type":"cond-expr","locations":[{"start":{"line":82,"column":36},"end":{"line":82,"column":42}},{"start":{"line":82,"column":45},"end":{"line":82,"column":55}}],"line":82},"8":{"loc":{"start":{"line":90,"column":20},"end":{"line":90,"column":55}},"type":"cond-expr","locations":[{"start":{"line":90,"column":36},"end":{"line":90,"column":42}},{"start":{"line":90,"column":45},"end":{"line":90,"column":55}}],"line":90},"9":{"loc":{"start":{"line":131,"column":29},"end":{"line":131,"column":73}},"type":"cond-expr","locations":[{"start":{"line":131,"column":45},"end":{"line":131,"column":58}},{"start":{"line":131,"column":61},"end":{"line":131,"column":73}}],"line":131}},"s":{"0":1,"1":3,"2":3,"3":3,"4":3,"5":3,"6":3,"7":3,"8":3,"9":3,"10":1,"11":1,"12":1,"13":0,"14":0,"15":0,"16":0,"17":0,"18":0,"19":0,"20":0,"21":0,"22":0,"23":0,"24":0,"25":3,"26":0,"27":3,"28":0,"29":0,"30":3,"31":3,"32":0,"33":0,"34":0,"35":0,"36":0,"37":3},"f":{"0":3,"1":1,"2":0,"3":0,"4":0,"5":0,"6":3,"7":0,"8":0,"9":0,"10":0,"11":0},"b":{"0":[1,0],"1":[1,0,0,0],"2":[0,0],"3":[0,0],"4":[0,0],"5":[0,0],"6":[3,1],"7":[0,3],"8":[0,3],"9":[0,3]},"_coverageSchema":"1a1c01bbd47fc00a2c39e90264f33305004495a9","hash":"9d04fa4b5382f02a5c48bcc33473cf35dded2733"}
,"/home/peltlaur/Asiakirjat/klusteri-website/frontend/src/pages/frontpage.jsx": {"path":"/home/peltlaur/Asiakirjat/klusteri-website/frontend/src/pages/frontpage.jsx","statementMap":{"0":{"start":{"line":4,"column":18},"end":{"line":14,"column":1}},"1":{"start":{"line":5,"column":4},"end":{"line":13,"column":5}}},"fnMap":{"0":{"name":"(anonymous_0)","decl":{"start":{"line":4,"column":18},"end":{"line":4,"column":19}},"loc":{"start":{"line":4,"column":24},"end":{"line":14,"column":1}},"line":4}},"branchMap":{},"s":{"0":1,"1":1},"f":{"0":1},"b":{},"_coverageSchema":"1a1c01bbd47fc00a2c39e90264f33305004495a9","hash":"9e1e8ebb2ef460e4d2119a00d795a9c917d137f1"}
,"/home/peltlaur/Asiakirjat/klusteri-website/frontend/src/pages/loginpage.jsx": {"path":"/home/peltlaur/Asiakirjat/klusteri-website/frontend/src/pages/loginpage.jsx","statementMap":{"0":{"start":{"line":6,"column":18},"end":{"line":85,"column":1}},"1":{"start":{"line":7,"column":34},"end":{"line":7,"column":46}},"2":{"start":{"line":8,"column":34},"end":{"line":8,"column":46}},"3":{"start":{"line":9,"column":34},"end":{"line":9,"column":49}},"4":{"start":{"line":10,"column":46},"end":{"line":10,"column":61}},"5":{"start":{"line":13,"column":18},"end":{"line":21,"column":3}},"6":{"start":{"line":14,"column":4},"end":{"line":20,"column":6}},"7":{"start":{"line":17,"column":19},"end":{"line":17,"column":32}},"8":{"start":{"line":19,"column":6},"end":{"line":19,"column":32}},"9":{"start":{"line":24,"column":19},"end":{"line":36,"column":3}},"10":{"start":{"line":25,"column":23},"end":{"line":29,"column":5}},"11":{"start":{"line":31,"column":4},"end":{"line":35,"column":8}},"12":{"start":{"line":34,"column":8},"end":{"line":34,"column":29}},"13":{"start":{"line":38,"column":27},"end":{"line":40,"column":3}},"14":{"start":{"line":39,"column":4},"end":{"line":39,"column":28}},"15":{"start":{"line":42,"column":22},"end":{"line":44,"column":3}},"16":{"start":{"line":43,"column":4},"end":{"line":43,"column":21}},"17":{"start":{"line":46,"column":20},"end":{"line":72,"column":3}},"18":{"start":{"line":47,"column":4},"end":{"line":71,"column":11}},"19":{"start":{"line":53,"column":27},"end":{"line":53,"column":54}},"20":{"start":{"line":62,"column":27},"end":{"line":62,"column":54}},"21":{"start":{"line":74,"column":2},"end":{"line":84,"column":4}}},"fnMap":{"0":{"name":"(anonymous_0)","decl":{"start":{"line":6,"column":18},"end":{"line":6,"column":19}},"loc":{"start":{"line":6,"column":24},"end":{"line":85,"column":1}},"line":6},"1":{"name":"(anonymous_1)","decl":{"start":{"line":13,"column":18},"end":{"line":13,"column":19}},"loc":{"start":{"line":13,"column":24},"end":{"line":21,"column":3}},"line":13},"2":{"name":"(anonymous_2)","decl":{"start":{"line":16,"column":10},"end":{"line":16,"column":11}},"loc":{"start":{"line":16,"column":22},"end":{"line":20,"column":5}},"line":16},"3":{"name":"(anonymous_3)","decl":{"start":{"line":24,"column":19},"end":{"line":24,"column":20}},"loc":{"start":{"line":24,"column":25},"end":{"line":36,"column":3}},"line":24},"4":{"name":"(anonymous_4)","decl":{"start":{"line":33,"column":12},"end":{"line":33,"column":13}},"loc":{"start":{"line":33,"column":24},"end":{"line":35,"column":7}},"line":33},"5":{"name":"(anonymous_5)","decl":{"start":{"line":38,"column":27},"end":{"line":38,"column":28}},"loc":{"start":{"line":38,"column":33},"end":{"line":40,"column":3}},"line":38},"6":{"name":"(anonymous_6)","decl":{"start":{"line":42,"column":22},"end":{"line":42,"column":23}},"loc":{"start":{"line":42,"column":28},"end":{"line":44,"column":3}},"line":42},"7":{"name":"(anonymous_7)","decl":{"start":{"line":46,"column":20},"end":{"line":46,"column":21}},"loc":{"start":{"line":47,"column":4},"end":{"line":71,"column":11}},"line":47},"8":{"name":"(anonymous_8)","decl":{"start":{"line":53,"column":20},"end":{"line":53,"column":21}},"loc":{"start":{"line":53,"column":27},"end":{"line":53,"column":54}},"line":53},"9":{"name":"(anonymous_9)","decl":{"start":{"line":62,"column":20},"end":{"line":62,"column":21}},"loc":{"start":{"line":62,"column":27},"end":{"line":62,"column":54}},"line":62}},"branchMap":{"0":{"loc":{"start":{"line":76,"column":5},"end":{"line":82,"column":5}},"type":"cond-expr","locations":[{"start":{"line":77,"column":6},"end":{"line":77,"column":24}},{"start":{"line":78,"column":8},"end":{"line":82,"column":5}}],"line":76},"1":{"loc":{"start":{"line":78,"column":8},"end":{"line":82,"column":5}},"type":"cond-expr","locations":[{"start":{"line":79,"column":6},"end":{"line":79,"column":33}},{"start":{"line":81,"column":6},"end":{"line":81,"column":17}}],"line":78}},"s":{"0":1,"1":0,"2":0,"3":0,"4":0,"5":0,"6":0,"7":0,"8":0,"9":0,"10":0,"11":0,"12":0,"13":0,"14":0,"15":0,"16":0,"17":0,"18":0,"19":0,"20":0,"21":0},"f":{"0":0,"1":0,"2":0,"3":0,"4":0,"5":0,"6":0,"7":0,"8":0,"9":0},"b":{"0":[0,0],"1":[0,0]},"_coverageSchema":"1a1c01bbd47fc00a2c39e90264f33305004495a9","hash":"e05f85e185bc24170fc5aeeb21ca4929c09ab83c"}
}
