TN:
SF:src/pages/christina_regina.jsx
FN:5,(anonymous_0)
FNF:1
FNH:1
FNDA:1,(anonymous_0)
DA:5,1
DA:6,1
LF:2
LH:2
BRF:0
BRH:0
end_of_record
TN:
SF:src/pages/contacts.jsx
FN:4,(anonymous_0)
FN:5,(anonymous_1)
FNF:2
FNH:2
FNDA:2,(anonymous_0)
FNDA:1,(anonymous_1)
DA:4,1
DA:5,2
DA:6,1
DA:7,1
DA:9,2
LF:5
LH:5
BRF:0
BRH:0
end_of_record
TN:
SF:src/pages/createpage.jsx
FN:6,(anonymous_0)
FN:19,(anonymous_1)
FN:77,(anonymous_2)
FN:79,(anonymous_3)
FN:86,(anonymous_4)
FN:96,(anonymous_5)
FN:102,(anonymous_6)
FN:106,(anonymous_7)
FN:111,(anonymous_8)
FN:118,(anonymous_9)
FN:122,(anonymous_10)
FN:129,(anonymous_11)
FN:135,(anonymous_12)
FN:139,(anonymous_13)
FN:140,(anonymous_14)
FN:143,(anonymous_15)
FN:154,(anonymous_16)
FN:163,(anonymous_17)
FN:172,(anonymous_18)
FN:187,(anonymous_19)
FN:196,(anonymous_20)
FNF:21
FNH:7
FNDA:39,(anonymous_0)
FNDA:7,(anonymous_1)
FNDA:0,(anonymous_2)
FNDA:0,(anonymous_3)
FNDA:0,(anonymous_4)
FNDA:0,(anonymous_5)
FNDA:0,(anonymous_6)
FNDA:0,(anonymous_7)
FNDA:0,(anonymous_8)
FNDA:0,(anonymous_9)
FNDA:0,(anonymous_10)
FNDA:0,(anonymous_11)
FNDA:0,(anonymous_12)
FNDA:0,(anonymous_13)
FNDA:0,(anonymous_14)
FNDA:39,(anonymous_15)
FNDA:6,(anonymous_16)
FNDA:6,(anonymous_17)
FNDA:6,(anonymous_18)
FNDA:6,(anonymous_19)
FNDA:0,(anonymous_20)
DA:6,2
DA:7,39
DA:8,39
DA:9,39
DA:10,39
DA:11,39
DA:12,39
DA:13,39
DA:14,39
DA:15,39
DA:17,39
DA:19,39
DA:24,7
DA:25,1
DA:26,1
DA:32,6
DA:33,1
DA:34,1
DA:41,5
DA:42,1
DA:43,1
DA:49,4
DA:50,0
DA:51,0
DA:58,4
DA:59,2
DA:60,2
DA:67,2
DA:68,2
DA:69,2
DA:75,0
DA:76,0
DA:78,0
DA:79,0
DA:80,0
DA:83,0
DA:87,0
DA:88,0
DA:92,0
DA:96,39
DA:101,0
DA:103,0
DA:104,0
DA:105,0
DA:106,0
DA:107,0
DA:109,0
DA:110,0
DA:112,0
DA:113,0
DA:114,0
DA:115,0
DA:118,0
DA:119,0
DA:123,0
DA:124,0
DA:126,0
DA:130,0
DA:131,0
DA:135,39
DA:136,0
DA:139,39
DA:140,0
DA:143,39
DA:144,39
DA:154,6
DA:163,6
DA:172,6
DA:187,6
DA:196,0
DA:209,39
LF:71
LH:38
BRDA:24,0,0,1
BRDA:24,0,1,6
BRDA:24,1,0,7
BRDA:24,1,1,6
BRDA:24,1,2,6
BRDA:24,1,3,6
BRDA:32,2,0,1
BRDA:32,2,1,5
BRDA:41,3,0,1
BRDA:41,3,1,4
BRDA:49,4,0,0
BRDA:49,4,1,4
BRDA:58,5,0,2
BRDA:58,5,1,2
BRDA:58,6,0,4
BRDA:58,6,1,3
BRDA:67,7,0,2
BRDA:67,7,1,0
BRDA:67,8,0,2
BRDA:67,8,1,1
BRDA:75,9,0,0
BRDA:75,9,1,0
BRDA:79,10,0,0
BRDA:79,10,1,0
BRDA:106,11,0,0
BRDA:106,11,1,0
BRDA:115,12,0,0
BRDA:115,12,1,0
BRDA:146,13,0,39
BRDA:146,13,1,7
BRDA:161,14,0,0
BRDA:161,14,1,39
BRDA:170,15,0,0
BRDA:170,15,1,39
BRDA:210,16,0,0
BRDA:210,16,1,39
BRDA:211,17,0,39
BRDA:211,17,1,0
BRF:38
BRH:24
end_of_record
TN:
SF:src/pages/frontpage.jsx
FN:4,(anonymous_0)
FNF:1
FNH:1
FNDA:1,(anonymous_0)
DA:4,1
DA:5,1
LF:2
LH:2
BRF:0
BRH:0
end_of_record
TN:
SF:src/pages/loginpage.jsx
FN:9,(anonymous_0)
FN:18,(anonymous_1)
FN:26,(anonymous_2)
FN:32,(anonymous_3)
FN:42,(anonymous_4)
FN:49,(anonymous_5)
FN:57,(anonymous_6)
FN:68,(anonymous_7)
FN:102,(anonymous_8)
FN:111,(anonymous_9)
FNF:10
FNH:8
FNDA:8,(anonymous_0)
FNDA:3,(anonymous_1)
FNDA:0,(anonymous_2)
FNDA:2,(anonymous_3)
FNDA:1,(anonymous_4)
FNDA:1,(anonymous_5)
FNDA:1,(anonymous_6)
FNDA:0,(anonymous_7)
FNDA:2,(anonymous_8)
FNDA:2,(anonymous_9)
DA:9,2
DA:10,8
DA:11,8
DA:12,8
DA:13,8
DA:14,8
DA:18,8
DA:19,3
DA:20,3
DA:21,0
DA:26,8
DA:27,0
DA:28,0
DA:32,8
DA:33,2
DA:35,2
DA:41,2
DA:43,1
DA:44,1
DA:50,1
DA:51,1
DA:52,1
DA:53,1
DA:54,1
DA:58,1
DA:59,1
DA:60,0
DA:62,1
DA:68,8
DA:69,0
DA:70,0
DA:71,0
DA:72,0
DA:73,0
DA:80,8
DA:102,2
DA:111,2
LF:37
LH:28
BRDA:20,0,0,0
BRDA:20,0,1,3
BRDA:59,1,0,0
BRDA:59,1,1,1
BRDA:59,2,0,1
BRDA:59,2,1,1
BRDA:82,3,0,0
BRDA:82,3,1,8
BRDA:84,4,0,0
BRDA:84,4,1,8
BRDA:116,5,0,8
BRDA:116,5,1,1
BRF:12
BRH:8
end_of_record
TN:
SF:src/pages/ownkeys.jsx
FN:8,(anonymous_0)
FN:33,(anonymous_1)
FN:43,(anonymous_2)
FN:53,(anonymous_3)
FN:60,(anonymous_4)
FN:72,(anonymous_5)
FN:83,(anonymous_6)
FN:87,(anonymous_7)
FN:97,(anonymous_8)
FN:105,(anonymous_9)
FN:113,getCurrentDateTime
FN:124,formatDatetime
FN:141,(anonymous_12)
FN:142,(anonymous_13)
FN:144,(anonymous_14)
FN:152,(anonymous_15)
FN:160,(anonymous_16)
FN:169,(anonymous_17)
FN:175,(anonymous_18)
FN:189,(anonymous_19)
FN:206,(anonymous_20)
FN:216,confirmYKV
FN:221,(anonymous_22)
FN:224,(anonymous_23)
FN:228,(anonymous_24)
FN:230,(anonymous_25)
FN:241,checkIfLoggedIn
FN:245,(anonymous_27)
FN:253,(anonymous_28)
FN:255,(anonymous_29)
FN:257,(anonymous_30)
FN:260,(anonymous_31)
FN:266,(anonymous_32)
FN:268,(anonymous_33)
FN:270,(anonymous_34)
FN:273,(anonymous_35)
FN:280,(anonymous_36)
FN:285,(anonymous_37)
FN:305,(anonymous_38)
FN:310,(anonymous_39)
FN:327,(anonymous_40)
FN:330,(anonymous_41)
FN:332,(anonymous_42)
FN:334,(anonymous_43)
FN:340,(anonymous_44)
FN:342,(anonymous_45)
FN:348,(anonymous_46)
FN:350,(anonymous_47)
FN:357,(anonymous_48)
FN:365,(anonymous_49)
FN:380,(anonymous_50)
FN:384,(anonymous_51)
FN:386,(anonymous_52)
FN:391,(anonymous_53)
FN:393,(anonymous_54)
FNF:55
FNH:19
FNDA:8,(anonymous_0)
FNDA:3,(anonymous_1)
FNDA:4,(anonymous_2)
FNDA:5,(anonymous_3)
FNDA:5,(anonymous_4)
FNDA:0,(anonymous_5)
FNDA:4,(anonymous_6)
FNDA:0,(anonymous_7)
FNDA:0,(anonymous_8)
FNDA:0,(anonymous_9)
FNDA:1,getCurrentDateTime
FNDA:0,formatDatetime
FNDA:0,(anonymous_12)
FNDA:0,(anonymous_13)
FNDA:0,(anonymous_14)
FNDA:7,(anonymous_15)
FNDA:1,(anonymous_16)
FNDA:0,(anonymous_17)
FNDA:0,(anonymous_18)
FNDA:1,(anonymous_19)
FNDA:0,(anonymous_20)
FNDA:1,confirmYKV
FNDA:1,(anonymous_22)
FNDA:0,(anonymous_23)
FNDA:0,(anonymous_24)
FNDA:0,(anonymous_25)
FNDA:14,checkIfLoggedIn
FNDA:0,(anonymous_27)
FNDA:4,(anonymous_28)
FNDA:4,(anonymous_29)
FNDA:0,(anonymous_30)
FNDA:4,(anonymous_31)
FNDA:8,(anonymous_32)
FNDA:8,(anonymous_33)
FNDA:0,(anonymous_34)
FNDA:8,(anonymous_35)
FNDA:0,(anonymous_36)
FNDA:0,(anonymous_37)
FNDA:0,(anonymous_38)
FNDA:0,(anonymous_39)
FNDA:0,(anonymous_40)
FNDA:0,(anonymous_41)
FNDA:0,(anonymous_42)
FNDA:0,(anonymous_43)
FNDA:0,(anonymous_44)
FNDA:0,(anonymous_45)
FNDA:0,(anonymous_46)
FNDA:0,(anonymous_47)
FNDA:0,(anonymous_48)
FNDA:0,(anonymous_49)
FNDA:0,(anonymous_50)
FNDA:0,(anonymous_51)
FNDA:0,(anonymous_52)
FNDA:0,(anonymous_53)
FNDA:0,(anonymous_54)
DA:8,1
DA:9,8
DA:10,8
DA:11,8
DA:12,8
DA:13,8
DA:14,8
DA:15,8
DA:16,8
DA:18,8
DA:19,8
DA:21,8
DA:22,8
DA:24,8
DA:25,8
DA:27,8
DA:28,8
DA:30,8
DA:33,8
DA:34,3
DA:35,3
DA:36,2
DA:37,2
DA:38,2
DA:39,2
DA:43,8
DA:44,4
DA:45,3
DA:46,3
DA:47,3
DA:53,8
DA:54,5
DA:55,4
DA:56,4
DA:60,8
DA:66,5
DA:67,5
DA:73,0
DA:74,0
DA:75,0
DA:77,0
DA:83,8
DA:84,4
DA:85,4
DA:86,0
DA:87,0
DA:88,0
DA:89,0
DA:91,0
DA:97,8
DA:98,0
DA:99,0
DA:101,0
DA:102,0
DA:105,0
DA:106,0
DA:107,0
DA:109,0
DA:114,1
DA:115,1
DA:116,1
DA:117,1
DA:118,1
DA:119,1
DA:121,1
DA:125,0
DA:127,0
DA:128,0
DA:130,0
DA:131,0
DA:132,0
DA:134,0
DA:141,8
DA:142,0
DA:143,0
DA:144,0
DA:146,0
DA:152,8
DA:153,7
DA:160,1
DA:170,0
DA:175,0
DA:189,8
DA:190,1
DA:192,1
DA:193,1
DA:194,1
DA:195,1
DA:197,1
DA:204,1
DA:206,1
DA:207,0
DA:213,0
DA:217,1
DA:219,1
DA:220,1
DA:222,1
DA:223,1
DA:224,1
DA:225,1
DA:226,1
DA:229,0
DA:230,0
DA:231,0
DA:234,0
DA:237,1
DA:242,14
DA:243,12
DA:245,2
DA:253,8
DA:254,4
DA:256,4
DA:257,4
DA:258,0
DA:261,4
DA:266,8
DA:267,8
DA:269,8
DA:270,8
DA:271,0
DA:274,8
DA:280,8
DA:281,0
DA:286,0
DA:305,8
DA:306,0
DA:311,0
DA:327,8
DA:328,0
DA:330,0
DA:331,0
DA:333,0
DA:334,0
DA:335,0
DA:336,0
DA:337,0
DA:338,0
DA:341,0
DA:342,0
DA:343,0
DA:348,8
DA:349,0
DA:350,0
DA:358,0
DA:365,0
DA:380,8
DA:381,0
DA:383,0
DA:385,0
DA:386,0
DA:387,0
DA:388,0
DA:389,0
DA:392,0
DA:393,0
DA:394,0
DA:398,8
LF:157
LH:89
BRDA:35,0,0,2
BRDA:35,0,1,1
BRDA:44,1,0,3
BRDA:44,1,1,1
BRDA:54,2,0,4
BRDA:54,2,1,1
BRDA:74,3,0,0
BRDA:74,3,1,0
BRDA:98,4,0,0
BRDA:98,4,1,0
BRDA:101,5,0,0
BRDA:101,5,1,0
BRDA:105,6,0,0
BRDA:105,6,1,0
BRDA:106,7,0,0
BRDA:106,7,1,0
BRDA:143,8,0,0
BRDA:143,8,1,0
BRDA:219,9,0,1
BRDA:219,9,1,0
BRDA:242,10,0,12
BRDA:242,10,1,2
BRDA:289,11,0,0
BRDA:289,11,1,0
BRDA:294,12,0,0
BRDA:294,12,1,0
BRDA:314,13,0,0
BRDA:314,13,1,0
BRDA:351,14,0,0
BRDA:351,14,1,0
BRDA:363,15,0,0
BRDA:363,15,1,0
BRDA:366,16,0,0
BRDA:366,16,1,0
BRDA:400,17,0,8
BRDA:400,17,1,1
BRDA:401,18,0,8
BRDA:401,18,1,7
BRDA:403,19,0,7
BRDA:403,19,1,0
BRDA:404,20,0,7
BRDA:404,20,1,1
BRDA:405,21,0,7
BRDA:405,21,1,0
BRDA:406,22,0,7
BRDA:406,22,1,7
BRDA:406,22,2,7
BRDA:407,23,0,7
BRDA:407,23,1,0
BRDA:407,24,0,7
BRDA:407,24,1,0
BRDA:408,25,0,7
BRDA:408,25,1,0
BRF:53
BRH:23
end_of_record
TN:
SF:src/pages/ownpage.jsx
FN:8,(anonymous_0)
FN:48,(anonymous_1)
FN:63,(anonymous_2)
FN:74,(anonymous_3)
FN:82,(anonymous_4)
FN:91,(anonymous_5)
FN:100,(anonymous_6)
FN:127,(anonymous_7)
FN:141,(anonymous_8)
FN:147,(anonymous_9)
FN:149,(anonymous_10)
FN:151,(anonymous_11)
FN:156,(anonymous_12)
FN:158,(anonymous_13)
FN:160,(anonymous_14)
FN:166,confirmupdate
FN:171,(anonymous_16)
FN:176,(anonymous_17)
FN:178,(anonymous_18)
FN:186,(anonymous_19)
FN:204,(anonymous_20)
FN:208,(anonymous_21)
FN:216,(anonymous_22)
FN:219,(anonymous_23)
FN:229,(anonymous_24)
FN:232,(anonymous_25)
FN:236,(anonymous_26)
FN:242,(anonymous_27)
FN:243,(anonymous_28)
FN:248,(anonymous_29)
FN:257,(anonymous_30)
FN:258,(anonymous_31)
FN:268,(anonymous_32)
FN:275,(anonymous_33)
FN:283,(anonymous_34)
FN:292,(anonymous_35)
FN:296,(anonymous_36)
FN:299,(anonymous_37)
FN:310,(anonymous_38)
FN:315,(anonymous_39)
FN:318,(anonymous_40)
FN:322,(anonymous_41)
FN:329,(anonymous_42)
FN:334,(anonymous_43)
FN:338,(anonymous_44)
FN:340,(anonymous_45)
FN:347,(anonymous_46)
FN:352,(anonymous_47)
FN:355,(anonymous_48)
FN:364,(anonymous_49)
FN:373,(anonymous_50)
FN:381,(anonymous_51)
FN:389,(anonymous_52)
FN:397,(anonymous_53)
FN:407,(anonymous_54)
FN:409,(anonymous_55)
FN:411,(anonymous_56)
FN:413,(anonymous_57)
FN:415,(anonymous_58)
FN:417,(anonymous_59)
FN:423,(anonymous_60)
FN:427,(anonymous_61)
FN:431,(anonymous_62)
FN:436,(anonymous_63)
FN:444,(anonymous_64)
FN:449,(anonymous_65)
FN:452,(anonymous_66)
FN:460,(anonymous_67)
FN:463,(anonymous_68)
FN:467,(anonymous_69)
FN:472,(anonymous_70)
FN:473,(anonymous_71)
FN:482,(anonymous_72)
FN:484,(anonymous_73)
FN:492,(anonymous_74)
FN:493,(anonymous_75)
FN:502,(anonymous_76)
FN:509,(anonymous_77)
FN:516,(anonymous_78)
FN:523,(anonymous_79)
FN:527,(anonymous_80)
FN:539,(anonymous_81)
FN:549,(anonymous_82)
FN:556,confirmupdate
FN:561,(anonymous_84)
FN:565,(anonymous_85)
FN:570,(anonymous_86)
FN:572,(anonymous_87)
FN:580,(anonymous_88)
FN:612,(anonymous_89)
FN:625,(anonymous_90)
FN:629,(anonymous_91)
FN:633,(anonymous_92)
FN:645,(anonymous_93)
FN:693,(anonymous_94)
FN:711,(anonymous_95)
FNF:96
FNH:8
FNDA:5,(anonymous_0)
FNDA:3,(anonymous_1)
FNDA:3,(anonymous_2)
FNDA:4,(anonymous_3)
FNDA:0,(anonymous_4)
FNDA:0,(anonymous_5)
FNDA:0,(anonymous_6)
FNDA:0,(anonymous_7)
FNDA:0,(anonymous_8)
FNDA:0,(anonymous_9)
FNDA:0,(anonymous_10)
FNDA:0,(anonymous_11)
FNDA:0,(anonymous_12)
FNDA:0,(anonymous_13)
FNDA:0,(anonymous_14)
FNDA:0,confirmupdate
FNDA:0,(anonymous_16)
FNDA:0,(anonymous_17)
FNDA:0,(anonymous_18)
FNDA:0,(anonymous_19)
FNDA:0,(anonymous_20)
FNDA:0,(anonymous_21)
FNDA:0,(anonymous_22)
FNDA:0,(anonymous_23)
FNDA:4,(anonymous_24)
FNDA:0,(anonymous_25)
FNDA:0,(anonymous_26)
FNDA:0,(anonymous_27)
FNDA:0,(anonymous_28)
FNDA:0,(anonymous_29)
FNDA:0,(anonymous_30)
FNDA:0,(anonymous_31)
FNDA:0,(anonymous_32)
FNDA:0,(anonymous_33)
FNDA:0,(anonymous_34)
FNDA:0,(anonymous_35)
FNDA:0,(anonymous_36)
FNDA:0,(anonymous_37)
FNDA:0,(anonymous_38)
FNDA:0,(anonymous_39)
FNDA:0,(anonymous_40)
FNDA:0,(anonymous_41)
FNDA:0,(anonymous_42)
FNDA:0,(anonymous_43)
FNDA:0,(anonymous_44)
FNDA:0,(anonymous_45)
FNDA:4,(anonymous_46)
FNDA:0,(anonymous_47)
FNDA:0,(anonymous_48)
FNDA:0,(anonymous_49)
FNDA:0,(anonymous_50)
FNDA:0,(anonymous_51)
FNDA:0,(anonymous_52)
FNDA:0,(anonymous_53)
FNDA:0,(anonymous_54)
FNDA:0,(anonymous_55)
FNDA:0,(anonymous_56)
FNDA:0,(anonymous_57)
FNDA:0,(anonymous_58)
FNDA:0,(anonymous_59)
FNDA:0,(anonymous_60)
FNDA:0,(anonymous_61)
FNDA:0,(anonymous_62)
FNDA:0,(anonymous_63)
FNDA:0,(anonymous_64)
FNDA:0,(anonymous_65)
FNDA:0,(anonymous_66)
FNDA:2,(anonymous_67)
FNDA:0,(anonymous_68)
FNDA:0,(anonymous_69)
FNDA:0,(anonymous_70)
FNDA:0,(anonymous_71)
FNDA:0,(anonymous_72)
FNDA:0,(anonymous_73)
FNDA:0,(anonymous_74)
FNDA:0,(anonymous_75)
FNDA:0,(anonymous_76)
FNDA:0,(anonymous_77)
FNDA:0,(anonymous_78)
FNDA:0,(anonymous_79)
FNDA:0,(anonymous_80)
FNDA:0,(anonymous_81)
FNDA:0,(anonymous_82)
FNDA:0,confirmupdate
FNDA:0,(anonymous_84)
FNDA:0,(anonymous_85)
FNDA:0,(anonymous_86)
FNDA:0,(anonymous_87)
FNDA:0,(anonymous_88)
FNDA:0,(anonymous_89)
FNDA:0,(anonymous_90)
FNDA:0,(anonymous_91)
FNDA:4,(anonymous_92)
FNDA:0,(anonymous_93)
FNDA:0,(anonymous_94)
FNDA:0,(anonymous_95)
DA:8,1
DA:9,5
DA:10,5
DA:11,5
DA:12,5
DA:13,5
DA:16,5
DA:17,5
DA:18,5
DA:19,5
DA:20,5
DA:21,5
DA:23,5
DA:24,5
DA:26,5
DA:27,5
DA:28,5
DA:29,5
DA:31,5
DA:32,5
DA:33,5
DA:34,5
DA:36,5
DA:37,5
DA:38,5
DA:40,5
DA:41,5
DA:42,5
DA:43,5
DA:44,5
DA:46,5
DA:48,5
DA:49,3
DA:50,3
DA:51,2
DA:52,2
DA:53,2
DA:54,2
DA:55,2
DA:56,2
DA:57,2
DA:63,5
DA:64,3
DA:65,2
DA:66,2
DA:67,2
DA:74,5
DA:75,4
DA:82,0
DA:91,0
DA:100,0
DA:127,5
DA:128,0
DA:130,0
DA:136,0
DA:137,0
DA:139,0
DA:140,0
DA:141,0
DA:142,0
DA:145,0
DA:146,0
DA:148,0
DA:149,0
DA:150,0
DA:151,0
DA:152,0
DA:155,0
DA:157,0
DA:158,0
DA:159,0
DA:160,0
DA:161,0
DA:163,0
DA:167,0
DA:169,0
DA:170,0
DA:172,0
DA:173,0
DA:174,0
DA:175,0
DA:176,0
DA:179,0
DA:182,0
DA:186,5
DA:191,0
DA:193,0
DA:195,0
DA:202,0
DA:203,0
DA:205,0
DA:207,0
DA:208,0
DA:209,0
DA:211,0
DA:212,0
DA:213,0
DA:217,0
DA:218,0
DA:219,0
DA:222,0
DA:229,5
DA:230,4
DA:233,0
DA:234,0
DA:237,0
DA:242,5
DA:243,0
DA:244,0
DA:245,0
DA:246,0
DA:247,0
DA:248,0
DA:249,0
DA:250,0
DA:252,0
DA:257,5
DA:258,0
DA:260,0
DA:261,0
DA:268,0
DA:275,0
DA:283,0
DA:292,0
DA:296,0
DA:299,0
DA:305,0
DA:308,5
DA:310,5
DA:311,0
DA:313,0
DA:314,0
DA:316,0
DA:317,0
DA:318,0
DA:319,0
DA:323,0
DA:329,5
DA:330,0
DA:332,0
DA:333,0
DA:335,0
DA:336,0
DA:337,0
DA:338,0
DA:341,0
DA:347,5
DA:348,4
DA:353,0
DA:355,0
DA:364,5
DA:365,0
DA:373,0
DA:381,0
DA:389,0
DA:397,0
DA:407,5
DA:408,0
DA:410,0
DA:411,0
DA:412,0
DA:413,0
DA:415,0
DA:416,0
DA:417,0
DA:420,0
DA:421,0
DA:422,0
DA:424,0
DA:425,0
DA:426,0
DA:427,0
DA:428,0
DA:432,0
DA:437,0
DA:444,5
DA:445,0
DA:450,0
DA:452,0
DA:460,5
DA:461,2
DA:464,0
DA:465,0
DA:468,0
DA:472,5
DA:473,0
DA:474,0
DA:475,0
DA:476,0
DA:477,0
DA:478,0
DA:481,0
DA:482,0
DA:484,0
DA:485,0
DA:486,0
DA:488,0
DA:492,5
DA:493,0
DA:494,0
DA:495,0
DA:502,0
DA:509,0
DA:516,0
DA:523,0
DA:528,0
DA:539,0
DA:546,0
DA:549,5
DA:550,0
DA:551,0
DA:552,0
DA:554,0
DA:557,0
DA:559,0
DA:560,0
DA:562,0
DA:564,0
DA:566,0
DA:567,0
DA:568,0
DA:569,0
DA:570,0
DA:573,0
DA:576,0
DA:580,5
DA:581,0
DA:583,0
DA:584,0
DA:585,0
DA:589,0
DA:591,0
DA:592,0
DA:595,0
DA:596,0
DA:597,0
DA:609,0
DA:611,0
DA:612,0
DA:613,0
DA:617,0
DA:620,0
DA:621,0
DA:625,5
DA:626,0
DA:629,5
DA:630,0
DA:633,5
DA:639,4
DA:640,4
DA:646,0
DA:647,0
DA:648,0
DA:649,0
DA:650,0
DA:651,0
DA:652,0
DA:654,0
DA:655,0
DA:660,5
DA:694,0
DA:712,0
LF:262
LH:74
BRDA:50,0,0,2
BRDA:50,0,1,1
BRDA:59,1,0,5
BRDA:59,1,1,5
BRDA:64,2,0,2
BRDA:64,2,1,1
BRDA:139,3,0,0
BRDA:139,3,1,0
BRDA:139,4,0,0
BRDA:139,4,1,0
BRDA:145,5,0,0
BRDA:145,5,1,0
BRDA:149,6,0,0
BRDA:149,6,1,0
BRDA:149,7,0,0
BRDA:149,7,1,0
BRDA:158,8,0,0
BRDA:158,8,1,0
BRDA:158,9,0,0
BRDA:158,9,1,0
BRDA:169,10,0,0
BRDA:169,10,1,0
BRDA:202,11,0,0
BRDA:202,11,1,0
BRDA:211,12,0,0
BRDA:211,12,1,0
BRDA:249,13,0,0
BRDA:249,13,1,0
BRDA:260,14,0,0
BRDA:260,14,1,0
BRDA:260,15,0,0
BRDA:260,15,1,0
BRDA:260,15,2,0
BRDA:296,16,0,0
BRDA:296,16,1,0
BRDA:299,17,0,0
BRDA:299,17,1,0
BRDA:313,18,0,0
BRDA:313,18,1,0
BRDA:332,19,0,0
BRDA:332,19,1,0
BRDA:411,20,0,0
BRDA:411,20,1,0
BRDA:415,21,0,0
BRDA:415,21,1,0
BRDA:485,22,0,0
BRDA:485,22,1,0
BRDA:494,23,0,0
BRDA:494,23,1,0
BRDA:494,24,0,0
BRDA:494,24,1,0
BRDA:534,25,0,0
BRDA:534,25,1,0
BRDA:539,26,0,0
BRDA:539,26,1,0
BRDA:559,27,0,0
BRDA:559,27,1,0
BRDA:583,28,0,0
BRDA:583,28,1,0
BRDA:583,29,0,0
BRDA:583,29,1,0
BRDA:591,30,0,0
BRDA:591,30,1,0
BRDA:609,31,0,0
BRDA:609,31,1,0
BRDA:647,32,0,0
BRDA:647,32,1,0
BRDA:650,33,0,0
BRDA:650,33,1,0
BRDA:650,34,0,0
BRDA:650,34,1,0
BRDA:662,35,0,5
BRDA:662,35,1,1
BRDA:663,36,0,5
BRDA:663,36,1,4
BRDA:665,37,0,4
BRDA:665,37,1,0
BRDA:666,38,0,4
BRDA:666,38,1,0
BRDA:672,39,0,4
BRDA:672,39,1,0
BRDA:673,40,0,4
BRDA:673,40,1,0
BRDA:674,41,0,4
BRDA:674,41,1,0
BRDA:677,42,0,4
BRDA:677,42,1,0
BRF:87
BRH:16
end_of_record
TN:
SF:src/pages/privacypolicy.jsx
FN:4,(anonymous_0)
FNF:1
FNH:1
FNDA:1,(anonymous_0)
DA:4,1
DA:5,1
LF:2
LH:2
BRF:0
BRH:0
end_of_record
TN:
SF:src/pages/reservations.jsx
FN:25,(anonymous_0)
FN:45,(anonymous_1)
FN:52,(anonymous_2)
FN:55,(anonymous_3)
FN:59,(anonymous_4)
FN:64,(anonymous_5)
FN:73,(anonymous_6)
FN:80,(anonymous_7)
FN:85,(anonymous_8)
FN:90,(anonymous_9)
FN:102,(anonymous_10)
FN:128,(anonymous_11)
FN:145,(anonymous_12)
FN:154,(anonymous_13)
FN:158,(anonymous_14)
FN:160,(anonymous_15)
FN:162,(anonymous_16)
FN:170,(anonymous_17)
FN:175,(anonymous_18)
FN:193,(anonymous_19)
FN:194,(anonymous_20)
FN:198,(anonymous_21)
FN:208,formatDatetime
FN:239,(anonymous_23)
FN:338,(anonymous_24)
FN:359,(anonymous_25)
FNF:26
FNH:8
FNDA:5,(anonymous_0)
FNDA:2,(anonymous_1)
FNDA:2,(anonymous_2)
FNDA:0,(anonymous_3)
FNDA:0,(anonymous_4)
FNDA:0,(anonymous_5)
FNDA:4,(anonymous_6)
FNDA:0,(anonymous_7)
FNDA:0,(anonymous_8)
FNDA:0,(anonymous_9)
FNDA:0,(anonymous_10)
FNDA:0,(anonymous_11)
FNDA:0,(anonymous_12)
FNDA:0,(anonymous_13)
FNDA:0,(anonymous_14)
FNDA:0,(anonymous_15)
FNDA:0,(anonymous_16)
FNDA:1,(anonymous_17)
FNDA:1,(anonymous_18)
FNDA:2,(anonymous_19)
FNDA:2,(anonymous_20)
FNDA:0,(anonymous_21)
FNDA:0,formatDatetime
FNDA:0,(anonymous_23)
FNDA:0,(anonymous_24)
FNDA:0,(anonymous_25)
DA:13,1
DA:15,1
DA:21,1
DA:23,1
DA:25,1
DA:26,5
DA:27,4
DA:28,4
DA:29,4
DA:41,4
DA:42,4
DA:43,4
DA:45,4
DA:46,2
DA:49,4
DA:50,4
DA:52,4
DA:53,2
DA:56,0
DA:57,0
DA:60,0
DA:64,4
DA:65,0
DA:66,0
DA:67,0
DA:69,0
DA:73,4
DA:74,4
DA:75,0
DA:76,0
DA:80,4
DA:81,0
DA:82,0
DA:85,4
DA:86,0
DA:87,0
DA:90,4
DA:91,0
DA:92,0
DA:93,0
DA:94,0
DA:96,0
DA:97,0
DA:98,0
DA:100,0
DA:102,0
DA:103,0
DA:110,0
DA:111,0
DA:112,0
DA:115,0
DA:127,0
DA:129,0
DA:130,0
DA:131,0
DA:132,0
DA:133,0
DA:146,0
DA:147,0
DA:150,0
DA:154,4
DA:155,0
DA:156,0
DA:157,0
DA:159,0
DA:160,0
DA:163,0
DA:166,0
DA:170,4
DA:171,1
DA:172,1
DA:175,4
DA:176,1
DA:177,1
DA:178,1
DA:190,4
DA:191,4
DA:193,4
DA:194,2
DA:195,2
DA:196,2
DA:197,2
DA:198,2
DA:199,0
DA:201,2
DA:205,2
DA:209,0
DA:211,0
DA:212,0
DA:214,0
DA:215,0
DA:216,0
DA:218,0
DA:222,4
DA:239,0
DA:338,0
DA:360,0
LF:97
LH:43
BRDA:65,0,0,0
BRDA:65,0,1,0
BRDA:74,1,0,0
BRDA:74,1,1,4
BRDA:74,2,0,4
BRDA:74,2,1,1
BRDA:96,3,0,0
BRDA:96,3,1,0
BRDA:100,4,0,0
BRDA:100,4,1,0
BRDA:100,5,0,0
BRDA:100,5,1,0
BRDA:100,5,2,0
BRDA:100,5,3,0
BRDA:100,5,4,0
BRDA:100,5,5,0
BRDA:100,5,6,0
BRDA:100,5,7,0
BRDA:100,5,8,0
BRDA:103,6,0,0
BRDA:103,6,1,0
BRDA:103,6,2,0
BRDA:103,6,3,0
BRDA:103,6,4,0
BRDA:103,6,5,0
BRDA:103,6,6,0
BRDA:110,7,0,0
BRDA:110,7,1,0
BRDA:156,8,0,0
BRDA:156,8,1,0
BRDA:241,9,0,0
BRDA:241,9,1,0
BRDA:322,10,0,0
BRDA:322,10,1,4
BRDA:325,11,0,4
BRDA:325,11,1,0
BRDA:348,12,0,0
BRDA:348,12,1,4
BRF:38
BRH:6
end_of_record
TN:
SF:src/pages/rules_instructions.jsx
FN:3,(anonymous_0)
FN:8,(anonymous_1)
FN:14,(anonymous_2)
FN:20,(anonymous_3)
FN:26,(anonymous_4)
FNF:5
FNH:5
FNDA:8,(anonymous_0)
FNDA:1,(anonymous_1)
FNDA:1,(anonymous_2)
FNDA:1,(anonymous_3)
FNDA:1,(anonymous_4)
DA:3,1
DA:4,8
DA:5,8
DA:6,8
DA:8,8
DA:9,1
DA:10,1
DA:11,1
DA:14,8
DA:15,1
DA:16,1
DA:17,1
DA:20,8
DA:21,1
DA:22,1
DA:23,1
DA:26,8
DA:27,1
DA:28,1
DA:29,1
DA:32,8
LF:21
LH:21
BRDA:35,0,0,3
BRDA:35,0,1,5
BRDA:35,1,0,8
BRDA:35,1,1,7
BRDA:35,1,2,6
BRDA:48,2,0,8
BRDA:48,2,1,1
BRDA:430,3,0,8
BRDA:430,3,1,1
BRDA:473,4,0,8
BRDA:473,4,1,1
BRF:11
BRH:11
end_of_record
