TN:
SF:src/pages/frontpage.jsx
FN:4,(anonymous_0)
FNF:1
FNH:1
FNDA:1,(anonymous_0)
DA:4,1
DA:5,1
LF:2
LH:2
BRF:0
BRH:0
end_of_record
TN:
SF:src/pages/ownpage.jsx
FN:4,(anonymous_0)
FN:18,(anonymous_1)
FN:24,(anonymous_2)
FN:31,(anonymous_3)
FN:34,(anonymous_4)
FN:38,(anonymous_5)
FN:44,(anonymous_6)
FN:51,(anonymous_7)
FN:60,(anonymous_8)
FN:69,(anonymous_9)
FN:90,(anonymous_10)
FN:91,(anonymous_11)
FN:100,(anonymous_12)
FN:105,(anonymous_13)
FN:106,(anonymous_14)
FN:124,(anonymous_15)
FN:132,(anonymous_16)
FN:151,(anonymous_17)
FN:155,(anonymous_18)
FN:158,(anonymous_19)
FNF:20
FNH:7
FNDA:3,(anonymous_0)
FNDA:2,(anonymous_1)
FNDA:2,(anonymous_2)
FNDA:1,(anonymous_3)
FNDA:1,(anonymous_4)
FNDA:0,(anonymous_5)
FNDA:2,(anonymous_6)
FNDA:0,(anonymous_7)
FNDA:0,(anonymous_8)
FNDA:0,(anonymous_9)
FNDA:0,(anonymous_10)
FNDA:0,(anonymous_11)
FNDA:0,(anonymous_12)
FNDA:0,(anonymous_13)
FNDA:0,(anonymous_14)
FNDA:0,(anonymous_15)
FNDA:0,(anonymous_16)
FNDA:2,(anonymous_17)
FNDA:0,(anonymous_18)
FNDA:0,(anonymous_19)
DA:4,1
DA:5,3
DA:6,3
DA:7,3
DA:8,3
DA:9,3
DA:10,3
DA:11,3
DA:12,3
DA:13,3
DA:14,3
DA:15,3
DA:18,3
DA:19,2
DA:24,3
DA:25,2
DA:26,1
DA:31,3
DA:32,1
DA:35,1
DA:36,1
DA:39,0
DA:44,3
DA:45,2
DA:51,0
DA:60,0
DA:69,0
DA:90,3
DA:91,0
DA:96,0
DA:100,3
DA:101,0
DA:105,3
DA:106,0
DA:107,0
DA:108,0
DA:124,0
DA:132,0
DA:147,0
DA:151,3
DA:152,2
DA:156,0
DA:158,0
DA:166,3
LF:44
LH:29
BRDA:25,0,0,1
BRDA:25,0,1,1
BRDA:96,1,0,0
BRDA:96,1,1,0
BRDA:107,2,0,0
BRDA:107,2,1,0
BRDA:107,3,0,0
BRDA:107,3,1,0
BRDA:168,4,0,3
BRDA:168,4,1,1
BRDA:169,5,0,3
BRDA:169,5,1,2
BRF:12
BRH:6
end_of_record
